C:\xampp\htdocs\hbwebsite\newreport\.htaccess
C:\xampp\htdocs\hbwebsite\newreport\api\.htaccess
C:\xampp\htdocs\hbwebsite\newreport\api\index.php
C:\xampp\htdocs\hbwebsite\newreport\composer.json
C:\xampp\htdocs\hbwebsite\newreport\controllers\ApiController.php
C:\xampp\htdocs\hbwebsite\newreport\controllers\BookingorderReportController.php
C:\xampp\htdocs\hbwebsite\newreport\controllers\ControllerBase.php
C:\xampp\htdocs\hbwebsite\newreport\controllers\OthersController.php
C:\xampp\htdocs\hbwebsite\newreport\css\ewpdf.scss
C:\xampp\htdocs\hbwebsite\newreport\css\project1.scss
C:\xampp\htdocs\hbwebsite\newreport\css\query-builder.scss
C:\xampp\htdocs\hbwebsite\newreport\css\tabulator_bootstrap5.scss
C:\xampp\htdocs\hbwebsite\newreport\css\tempus-dominus.scss
C:\xampp\htdocs\hbwebsite\newreport\files\index.html
C:\xampp\htdocs\hbwebsite\newreport\index.php
C:\xampp\htdocs\hbwebsite\newreport\js\eweditor.js
C:\xampp\htdocs\hbwebsite\newreport\js\userevent.js
C:\xampp\htdocs\hbwebsite\newreport\js\userfn.js
C:\xampp\htdocs\hbwebsite\newreport\log\index.html
C:\xampp\htdocs\hbwebsite\newreport\models\AdminCred.php
C:\xampp\htdocs\hbwebsite\newreport\models\BookedFood.php
C:\xampp\htdocs\hbwebsite\newreport\models\BookingDetails.php
C:\xampp\htdocs\hbwebsite\newreport\models\BookingOrder.php
C:\xampp\htdocs\hbwebsite\newreport\models\BookingReport.php
C:\xampp\htdocs\hbwebsite\newreport\models\BookingorderReport.php
C:\xampp\htdocs\hbwebsite\newreport\models\BookingorderReportList.php
C:\xampp\htdocs\hbwebsite\newreport\models\Carousel.php
C:\xampp\htdocs\hbwebsite\newreport\models\ContactDetails.php
C:\xampp\htdocs\hbwebsite\newreport\models\Facilities.php
C:\xampp\htdocs\hbwebsite\newreport\models\Features.php
C:\xampp\htdocs\hbwebsite\newreport\models\MainCourseItem.php
C:\xampp\htdocs\hbwebsite\newreport\models\ManagerCred.php
C:\xampp\htdocs\hbwebsite\newreport\models\Menu2.php
C:\xampp\htdocs\hbwebsite\newreport\models\RatingReview.php
C:\xampp\htdocs\hbwebsite\newreport\models\RoomFacilities.php
C:\xampp\htdocs\hbwebsite\newreport\models\RoomFeatures.php
C:\xampp\htdocs\hbwebsite\newreport\models\RoomImages.php
C:\xampp\htdocs\hbwebsite\newreport\models\Rooms.php
C:\xampp\htdocs\hbwebsite\newreport\models\Settings.php
C:\xampp\htdocs\hbwebsite\newreport\models\StarterItem.php
C:\xampp\htdocs\hbwebsite\newreport\models\SweetItem.php
C:\xampp\htdocs\hbwebsite\newreport\models\TeamDetails.php
C:\xampp\htdocs\hbwebsite\newreport\models\UserCred.php
C:\xampp\htdocs\hbwebsite\newreport\models\UserQueries.php
C:\xampp\htdocs\hbwebsite\newreport\package.json
C:\xampp\htdocs\hbwebsite\newreport\src\AbstractController.php
C:\xampp\htdocs\hbwebsite\newreport\src\AbstractEntity.php
C:\xampp\htdocs\hbwebsite\newreport\src\AbstractExport.php
C:\xampp\htdocs\hbwebsite\newreport\src\AbstractExportBase.php
C:\xampp\htdocs\hbwebsite\newreport\src\AbstractTwoFactorAuthentication.php
C:\xampp\htdocs\hbwebsite\newreport\src\AdvancedFilter.php
C:\xampp\htdocs\hbwebsite\newreport\src\AdvancedSearch.php
C:\xampp\htdocs\hbwebsite\newreport\src\AdvancedSecurity.php
C:\xampp\htdocs\hbwebsite\newreport\src\Allow.php
C:\xampp\htdocs\hbwebsite\newreport\src\ApiActionEvent.php
C:\xampp\htdocs\hbwebsite\newreport\src\ApiPermissionMiddleware.php
C:\xampp\htdocs\hbwebsite\newreport\src\Attributes.php
C:\xampp\htdocs\hbwebsite\newreport\src\Attributes\Delete.php
C:\xampp\htdocs\hbwebsite\newreport\src\Attributes\Get.php
C:\xampp\htdocs\hbwebsite\newreport\src\Attributes\Map.php
C:\xampp\htdocs\hbwebsite\newreport\src\Attributes\Options.php
C:\xampp\htdocs\hbwebsite\newreport\src\Attributes\Patch.php
C:\xampp\htdocs\hbwebsite\newreport\src\Attributes\Post.php
C:\xampp\htdocs\hbwebsite\newreport\src\Attributes\Put.php
C:\xampp\htdocs\hbwebsite\newreport\src\AuditTrailHandler.php
C:\xampp\htdocs\hbwebsite\newreport\src\AzureAD.php
C:\xampp\htdocs\hbwebsite\newreport\src\BasicSearch.php
C:\xampp\htdocs\hbwebsite\newreport\src\Breadcrumb.php
C:\xampp\htdocs\hbwebsite\newreport\src\BytesType.php
C:\xampp\htdocs\hbwebsite\newreport\src\CaptchaBase.php
C:\xampp\htdocs\hbwebsite\newreport\src\CaptchaInterface.php
C:\xampp\htdocs\hbwebsite\newreport\src\ChartExporter.php
C:\xampp\htdocs\hbwebsite\newreport\src\ChartJsRenderer.php
C:\xampp\htdocs\hbwebsite\newreport\src\ChartRendererInterface.php
C:\xampp\htdocs\hbwebsite\newreport\src\ChartTypes.php
C:\xampp\htdocs\hbwebsite\newreport\src\ConfigurationEvent.php
C:\xampp\htdocs\hbwebsite\newreport\src\ContainerBuildEvent.php
C:\xampp\htdocs\hbwebsite\newreport\src\CorsMiddleware.php
C:\xampp\htdocs\hbwebsite\newreport\src\CrosstabColumn.php
C:\xampp\htdocs\hbwebsite\newreport\src\CrosstabTable.php
C:\xampp\htdocs\hbwebsite\newreport\src\CustomUploadHandler.php
C:\xampp\htdocs\hbwebsite\newreport\src\DataType.php
C:\xampp\htdocs\hbwebsite\newreport\src\DatabaseConnectedEvent.php
C:\xampp\htdocs\hbwebsite\newreport\src\DatabaseConnectingEvent.php
C:\xampp\htdocs\hbwebsite\newreport\src\DbChart.php
C:\xampp\htdocs\hbwebsite\newreport\src\DbField.php
C:\xampp\htdocs\hbwebsite\newreport\src\DbTable.php
C:\xampp\htdocs\hbwebsite\newreport\src\DbTableBase.php
C:\xampp\htdocs\hbwebsite\newreport\src\DebugSqlLogger.php
C:\xampp\htdocs\hbwebsite\newreport\src\Email.php
C:\xampp\htdocs\hbwebsite\newreport\src\EmailTwoFactorAuthentication.php
C:\xampp\htdocs\hbwebsite\newreport\src\EntityDescriptor.php
C:\xampp\htdocs\hbwebsite\newreport\src\Entity\BookingorderReport.php
C:\xampp\htdocs\hbwebsite\newreport\src\ExportCsv.php
C:\xampp\htdocs\hbwebsite\newreport\src\ExportEmail.php
C:\xampp\htdocs\hbwebsite\newreport\src\ExportExcel.php
C:\xampp\htdocs\hbwebsite\newreport\src\ExportHandler.php
C:\xampp\htdocs\hbwebsite\newreport\src\ExportHtml.php
C:\xampp\htdocs\hbwebsite\newreport\src\ExportJson.php
C:\xampp\htdocs\hbwebsite\newreport\src\ExportPdf.php
C:\xampp\htdocs\hbwebsite\newreport\src\ExportWord.php
C:\xampp\htdocs\hbwebsite\newreport\src\ExportXml.php
C:\xampp\htdocs\hbwebsite\newreport\src\FileUploadHandler.php
C:\xampp\htdocs\hbwebsite\newreport\src\FileViewer.php
C:\xampp\htdocs\hbwebsite\newreport\src\ForceLogoutUserAction.php
C:\xampp\htdocs\hbwebsite\newreport\src\GeographyType.php
C:\xampp\htdocs\hbwebsite\newreport\src\GeometryType.php
C:\xampp\htdocs\hbwebsite\newreport\src\HierarchyIdType.php
C:\xampp\htdocs\hbwebsite\newreport\src\HttpErrorHandler.php
C:\xampp\htdocs\hbwebsite\newreport\src\HttpForm.php
C:\xampp\htdocs\hbwebsite\newreport\src\HttpServiceUnavailableException.php
C:\xampp\htdocs\hbwebsite\newreport\src\HttpSession.php
C:\xampp\htdocs\hbwebsite\newreport\src\HttpUpload.php
C:\xampp\htdocs\hbwebsite\newreport\src\JwtMiddleware.php
C:\xampp\htdocs\hbwebsite\newreport\src\Language.php
C:\xampp\htdocs\hbwebsite\newreport\src\LanguageLoadEvent.php
C:\xampp\htdocs\hbwebsite\newreport\src\LaravelSessionMiddleware.php
C:\xampp\htdocs\hbwebsite\newreport\src\LdapConn.php
C:\xampp\htdocs\hbwebsite\newreport\src\ListAction.php
C:\xampp\htdocs\hbwebsite\newreport\src\ListActions.php
C:\xampp\htdocs\hbwebsite\newreport\src\ListOption.php
C:\xampp\htdocs\hbwebsite\newreport\src\ListOptions.php
C:\xampp\htdocs\hbwebsite\newreport\src\ListOptionsArray.php
C:\xampp\htdocs\hbwebsite\newreport\src\LoginStatusEvent.php
C:\xampp\htdocs\hbwebsite\newreport\src\Lookup.php
C:\xampp\htdocs\hbwebsite\newreport\src\MaintenanceMiddleware.php
C:\xampp\htdocs\hbwebsite\newreport\src\Menu.php
C:\xampp\htdocs\hbwebsite\newreport\src\MenuItem.php
C:\xampp\htdocs\hbwebsite\newreport\src\MenuItemAddingEvent.php
C:\xampp\htdocs\hbwebsite\newreport\src\MenuRenderedEvent.php
C:\xampp\htdocs\hbwebsite\newreport\src\MenuRenderingEvent.php
C:\xampp\htdocs\hbwebsite\newreport\src\MessagesTrait.php
C:\xampp\htdocs\hbwebsite\newreport\src\NumericPager.php
C:\xampp\htdocs\hbwebsite\newreport\src\OptionValues.php
C:\xampp\htdocs\hbwebsite\newreport\src\PageLoadingEvent.php
C:\xampp\htdocs\hbwebsite\newreport\src\PageRenderingEvent.php
C:\xampp\htdocs\hbwebsite\newreport\src\PageUnloadedEvent.php
C:\xampp\htdocs\hbwebsite\newreport\src\Pager.php
C:\xampp\htdocs\hbwebsite\newreport\src\PagerItem.php
C:\xampp\htdocs\hbwebsite\newreport\src\PasswordHash.php
C:\xampp\htdocs\hbwebsite\newreport\src\PermissionMiddleware.php
C:\xampp\htdocs\hbwebsite\newreport\src\PhpEncryption.php
C:\xampp\htdocs\hbwebsite\newreport\src\PragmaRxTwoFactorAuthentication.php
C:\xampp\htdocs\hbwebsite\newreport\src\PrevNextPager.php
C:\xampp\htdocs\hbwebsite\newreport\src\PushNotification.php
C:\xampp\htdocs\hbwebsite\newreport\src\ReportField.php
C:\xampp\htdocs\hbwebsite\newreport\src\ReportTable.php
C:\xampp\htdocs\hbwebsite\newreport\src\ResendRegisterEmailAction.php
C:\xampp\htdocs\hbwebsite\newreport\src\ResetConcurrentUserAction.php
C:\xampp\htdocs\hbwebsite\newreport\src\ResetLoginRetryAction.php
C:\xampp\htdocs\hbwebsite\newreport\src\ResetUserSecretAction.php
C:\xampp\htdocs\hbwebsite\newreport\src\RouteActionEvent.php
C:\xampp\htdocs\hbwebsite\newreport\src\RouteAttributes.php
C:\xampp\htdocs\hbwebsite\newreport\src\RowSummary.php
C:\xampp\htdocs\hbwebsite\newreport\src\RowTotal.php
C:\xampp\htdocs\hbwebsite\newreport\src\RowType.php
C:\xampp\htdocs\hbwebsite\newreport\src\Saml2.php
C:\xampp\htdocs\hbwebsite\newreport\src\SessionHandler.php
C:\xampp\htdocs\hbwebsite\newreport\src\SetPasswordExpiredAction.php
C:\xampp\htdocs\hbwebsite\newreport\src\Sms.php
C:\xampp\htdocs\hbwebsite\newreport\src\SmsTwoFactorAuthentication.php
C:\xampp\htdocs\hbwebsite\newreport\src\SsoStateSessionStore.php
C:\xampp\htdocs\hbwebsite\newreport\src\SubPage.php
C:\xampp\htdocs\hbwebsite\newreport\src\SubPages.php
C:\xampp\htdocs\hbwebsite\newreport\src\SummaryField.php
C:\xampp\htdocs\hbwebsite\newreport\src\Timer.php
C:\xampp\htdocs\hbwebsite\newreport\src\TwoFactorAuthenticationInterface.php
C:\xampp\htdocs\hbwebsite\newreport\src\UploadHandler.php
C:\xampp\htdocs\hbwebsite\newreport\src\UserProfile.php
C:\xampp\htdocs\hbwebsite\newreport\src\XmlDocument.php
C:\xampp\htdocs\hbwebsite\newreport\src\apiroutes.php
C:\xampp\htdocs\hbwebsite\newreport\src\config.development.php
C:\xampp\htdocs\hbwebsite\newreport\src\config.php
C:\xampp\htdocs\hbwebsite\newreport\src\config.production.php
C:\xampp\htdocs\hbwebsite\newreport\src\constants.php
C:\xampp\htdocs\hbwebsite\newreport\src\definitions.php
C:\xampp\htdocs\hbwebsite\newreport\src\phpfn.php
C:\xampp\htdocs\hbwebsite\newreport\src\routes.php
C:\xampp\htdocs\hbwebsite\newreport\src\userfn.php
C:\xampp\htdocs\hbwebsite\newreport\src\userlevelsettings.php
C:\xampp\htdocs\hbwebsite\newreport\views\BookingorderReportList.php
C:\xampp\htdocs\hbwebsite\newreport\views\Error.php
C:\xampp\htdocs\hbwebsite\newreport\views\email.php
C:\xampp\htdocs\hbwebsite\newreport\views\layout.php
C:\xampp\htdocs\hbwebsite\newreport\views\menu.php
C:\xampp\htdocs\hbwebsite\newreport\views\swagger.php
C:\xampp\htdocs\hbwebsite\newreport\web.config