C:\xampp\htdocs\hbwebsite\admin\Admin Report\.htaccess
C:\xampp\htdocs\hbwebsite\admin\Admin Report\api\.htaccess
C:\xampp\htdocs\hbwebsite\admin\Admin Report\api\index.php
C:\xampp\htdocs\hbwebsite\admin\Admin Report\composer.json
C:\xampp\htdocs\hbwebsite\admin\Admin Report\controllers\ApiController.php
C:\xampp\htdocs\hbwebsite\admin\Admin Report\controllers\BookingDetails2Controller.php
C:\xampp\htdocs\hbwebsite\admin\Admin Report\controllers\ControllerBase.php
C:\xampp\htdocs\hbwebsite\admin\Admin Report\controllers\HallReportController.php
C:\xampp\htdocs\hbwebsite\admin\Admin Report\controllers\OthersController.php
C:\xampp\htdocs\hbwebsite\admin\Admin Report\controllers\UserReportController.php
C:\xampp\htdocs\hbwebsite\admin\Admin Report\css\ewpdf.scss
C:\xampp\htdocs\hbwebsite\admin\Admin Report\css\project6.scss
C:\xampp\htdocs\hbwebsite\admin\Admin Report\css\query-builder.scss
C:\xampp\htdocs\hbwebsite\admin\Admin Report\css\tabulator_bootstrap5.scss
C:\xampp\htdocs\hbwebsite\admin\Admin Report\css\tempus-dominus.scss
C:\xampp\htdocs\hbwebsite\admin\Admin Report\files\index.html
C:\xampp\htdocs\hbwebsite\admin\Admin Report\index.php
C:\xampp\htdocs\hbwebsite\admin\Admin Report\js\eweditor.js
C:\xampp\htdocs\hbwebsite\admin\Admin Report\js\userevent.js
C:\xampp\htdocs\hbwebsite\admin\Admin Report\js\userfn.js
C:\xampp\htdocs\hbwebsite\admin\Admin Report\log\index.html
C:\xampp\htdocs\hbwebsite\admin\Admin Report\models\AdminCred.php
C:\xampp\htdocs\hbwebsite\admin\Admin Report\models\BookedFood.php
C:\xampp\htdocs\hbwebsite\admin\Admin Report\models\BookingDetails.php
C:\xampp\htdocs\hbwebsite\admin\Admin Report\models\BookingDetails2.php
C:\xampp\htdocs\hbwebsite\admin\Admin Report\models\BookingDetails2List.php
C:\xampp\htdocs\hbwebsite\admin\Admin Report\models\BookingOrder.php
C:\xampp\htdocs\hbwebsite\admin\Admin Report\models\Carousel.php
C:\xampp\htdocs\hbwebsite\admin\Admin Report\models\ContactDetails.php
C:\xampp\htdocs\hbwebsite\admin\Admin Report\models\Facilities.php
C:\xampp\htdocs\hbwebsite\admin\Admin Report\models\Features.php
C:\xampp\htdocs\hbwebsite\admin\Admin Report\models\HallReport.php
C:\xampp\htdocs\hbwebsite\admin\Admin Report\models\HallReportList.php
C:\xampp\htdocs\hbwebsite\admin\Admin Report\models\HallsReport.php
C:\xampp\htdocs\hbwebsite\admin\Admin Report\models\MainCourseItem.php
C:\xampp\htdocs\hbwebsite\admin\Admin Report\models\ManagerCred.php
C:\xampp\htdocs\hbwebsite\admin\Admin Report\models\Menu2.php
C:\xampp\htdocs\hbwebsite\admin\Admin Report\models\RatingReview.php
C:\xampp\htdocs\hbwebsite\admin\Admin Report\models\RoomFacilities.php
C:\xampp\htdocs\hbwebsite\admin\Admin Report\models\RoomFeatures.php
C:\xampp\htdocs\hbwebsite\admin\Admin Report\models\RoomImages.php
C:\xampp\htdocs\hbwebsite\admin\Admin Report\models\Rooms.php
C:\xampp\htdocs\hbwebsite\admin\Admin Report\models\Settings.php
C:\xampp\htdocs\hbwebsite\admin\Admin Report\models\StarterItem.php
C:\xampp\htdocs\hbwebsite\admin\Admin Report\models\SweetItem.php
C:\xampp\htdocs\hbwebsite\admin\Admin Report\models\TeamDetails.php
C:\xampp\htdocs\hbwebsite\admin\Admin Report\models\UserCred.php
C:\xampp\htdocs\hbwebsite\admin\Admin Report\models\UserQueries.php
C:\xampp\htdocs\hbwebsite\admin\Admin Report\models\UserReport.php
C:\xampp\htdocs\hbwebsite\admin\Admin Report\models\UserReportList.php
C:\xampp\htdocs\hbwebsite\admin\Admin Report\models\View1.php
C:\xampp\htdocs\hbwebsite\admin\Admin Report\models\View2.php
C:\xampp\htdocs\hbwebsite\admin\Admin Report\models\View3.php
C:\xampp\htdocs\hbwebsite\admin\Admin Report\models\View4.php
C:\xampp\htdocs\hbwebsite\admin\Admin Report\models\View5.php
C:\xampp\htdocs\hbwebsite\admin\Admin Report\models\View6.php
C:\xampp\htdocs\hbwebsite\admin\Admin Report\package.json
C:\xampp\htdocs\hbwebsite\admin\Admin Report\src\AbstractController.php
C:\xampp\htdocs\hbwebsite\admin\Admin Report\src\AbstractEntity.php
C:\xampp\htdocs\hbwebsite\admin\Admin Report\src\AbstractExport.php
C:\xampp\htdocs\hbwebsite\admin\Admin Report\src\AbstractExportBase.php
C:\xampp\htdocs\hbwebsite\admin\Admin Report\src\AbstractTwoFactorAuthentication.php
C:\xampp\htdocs\hbwebsite\admin\Admin Report\src\AdvancedFilter.php
C:\xampp\htdocs\hbwebsite\admin\Admin Report\src\AdvancedSearch.php
C:\xampp\htdocs\hbwebsite\admin\Admin Report\src\AdvancedSecurity.php
C:\xampp\htdocs\hbwebsite\admin\Admin Report\src\Allow.php
C:\xampp\htdocs\hbwebsite\admin\Admin Report\src\ApiActionEvent.php
C:\xampp\htdocs\hbwebsite\admin\Admin Report\src\ApiPermissionMiddleware.php
C:\xampp\htdocs\hbwebsite\admin\Admin Report\src\Attributes.php
C:\xampp\htdocs\hbwebsite\admin\Admin Report\src\Attributes\Delete.php
C:\xampp\htdocs\hbwebsite\admin\Admin Report\src\Attributes\Get.php
C:\xampp\htdocs\hbwebsite\admin\Admin Report\src\Attributes\Map.php
C:\xampp\htdocs\hbwebsite\admin\Admin Report\src\Attributes\Options.php
C:\xampp\htdocs\hbwebsite\admin\Admin Report\src\Attributes\Patch.php
C:\xampp\htdocs\hbwebsite\admin\Admin Report\src\Attributes\Post.php
C:\xampp\htdocs\hbwebsite\admin\Admin Report\src\Attributes\Put.php
C:\xampp\htdocs\hbwebsite\admin\Admin Report\src\AuditTrailHandler.php
C:\xampp\htdocs\hbwebsite\admin\Admin Report\src\AzureAD.php
C:\xampp\htdocs\hbwebsite\admin\Admin Report\src\BasicSearch.php
C:\xampp\htdocs\hbwebsite\admin\Admin Report\src\Breadcrumb.php
C:\xampp\htdocs\hbwebsite\admin\Admin Report\src\BytesType.php
C:\xampp\htdocs\hbwebsite\admin\Admin Report\src\CaptchaBase.php
C:\xampp\htdocs\hbwebsite\admin\Admin Report\src\CaptchaInterface.php
C:\xampp\htdocs\hbwebsite\admin\Admin Report\src\ChartExporter.php
C:\xampp\htdocs\hbwebsite\admin\Admin Report\src\ChartJsRenderer.php
C:\xampp\htdocs\hbwebsite\admin\Admin Report\src\ChartRendererInterface.php
C:\xampp\htdocs\hbwebsite\admin\Admin Report\src\ChartTypes.php
C:\xampp\htdocs\hbwebsite\admin\Admin Report\src\ConfigurationEvent.php
C:\xampp\htdocs\hbwebsite\admin\Admin Report\src\ContainerBuildEvent.php
C:\xampp\htdocs\hbwebsite\admin\Admin Report\src\CorsMiddleware.php
C:\xampp\htdocs\hbwebsite\admin\Admin Report\src\CrosstabColumn.php
C:\xampp\htdocs\hbwebsite\admin\Admin Report\src\CrosstabTable.php
C:\xampp\htdocs\hbwebsite\admin\Admin Report\src\CustomUploadHandler.php
C:\xampp\htdocs\hbwebsite\admin\Admin Report\src\DataType.php
C:\xampp\htdocs\hbwebsite\admin\Admin Report\src\DatabaseConnectedEvent.php
C:\xampp\htdocs\hbwebsite\admin\Admin Report\src\DatabaseConnectingEvent.php
C:\xampp\htdocs\hbwebsite\admin\Admin Report\src\DbChart.php
C:\xampp\htdocs\hbwebsite\admin\Admin Report\src\DbField.php
C:\xampp\htdocs\hbwebsite\admin\Admin Report\src\DbTable.php
C:\xampp\htdocs\hbwebsite\admin\Admin Report\src\DbTableBase.php
C:\xampp\htdocs\hbwebsite\admin\Admin Report\src\DebugSqlLogger.php
C:\xampp\htdocs\hbwebsite\admin\Admin Report\src\Email.php
C:\xampp\htdocs\hbwebsite\admin\Admin Report\src\EmailTwoFactorAuthentication.php
C:\xampp\htdocs\hbwebsite\admin\Admin Report\src\EntityDescriptor.php
C:\xampp\htdocs\hbwebsite\admin\Admin Report\src\Entity\HallReport.php
C:\xampp\htdocs\hbwebsite\admin\Admin Report\src\Entity\UserReport.php
C:\xampp\htdocs\hbwebsite\admin\Admin Report\src\Entity\_BookingDetail.php
C:\xampp\htdocs\hbwebsite\admin\Admin Report\src\ExportCsv.php
C:\xampp\htdocs\hbwebsite\admin\Admin Report\src\ExportEmail.php
C:\xampp\htdocs\hbwebsite\admin\Admin Report\src\ExportExcel.php
C:\xampp\htdocs\hbwebsite\admin\Admin Report\src\ExportHandler.php
C:\xampp\htdocs\hbwebsite\admin\Admin Report\src\ExportHtml.php
C:\xampp\htdocs\hbwebsite\admin\Admin Report\src\ExportJson.php
C:\xampp\htdocs\hbwebsite\admin\Admin Report\src\ExportPdf.php
C:\xampp\htdocs\hbwebsite\admin\Admin Report\src\ExportWord.php
C:\xampp\htdocs\hbwebsite\admin\Admin Report\src\ExportXml.php
C:\xampp\htdocs\hbwebsite\admin\Admin Report\src\FileUploadHandler.php
C:\xampp\htdocs\hbwebsite\admin\Admin Report\src\FileViewer.php
C:\xampp\htdocs\hbwebsite\admin\Admin Report\src\ForceLogoutUserAction.php
C:\xampp\htdocs\hbwebsite\admin\Admin Report\src\GeographyType.php
C:\xampp\htdocs\hbwebsite\admin\Admin Report\src\GeometryType.php
C:\xampp\htdocs\hbwebsite\admin\Admin Report\src\HierarchyIdType.php
C:\xampp\htdocs\hbwebsite\admin\Admin Report\src\HttpErrorHandler.php
C:\xampp\htdocs\hbwebsite\admin\Admin Report\src\HttpForm.php
C:\xampp\htdocs\hbwebsite\admin\Admin Report\src\HttpServiceUnavailableException.php
C:\xampp\htdocs\hbwebsite\admin\Admin Report\src\HttpSession.php
C:\xampp\htdocs\hbwebsite\admin\Admin Report\src\HttpUpload.php
C:\xampp\htdocs\hbwebsite\admin\Admin Report\src\JwtMiddleware.php
C:\xampp\htdocs\hbwebsite\admin\Admin Report\src\Language.php
C:\xampp\htdocs\hbwebsite\admin\Admin Report\src\LanguageLoadEvent.php
C:\xampp\htdocs\hbwebsite\admin\Admin Report\src\LaravelSessionMiddleware.php
C:\xampp\htdocs\hbwebsite\admin\Admin Report\src\LdapConn.php
C:\xampp\htdocs\hbwebsite\admin\Admin Report\src\ListAction.php
C:\xampp\htdocs\hbwebsite\admin\Admin Report\src\ListActions.php
C:\xampp\htdocs\hbwebsite\admin\Admin Report\src\ListOption.php
C:\xampp\htdocs\hbwebsite\admin\Admin Report\src\ListOptions.php
C:\xampp\htdocs\hbwebsite\admin\Admin Report\src\ListOptionsArray.php
C:\xampp\htdocs\hbwebsite\admin\Admin Report\src\LoginStatusEvent.php
C:\xampp\htdocs\hbwebsite\admin\Admin Report\src\Lookup.php
C:\xampp\htdocs\hbwebsite\admin\Admin Report\src\MaintenanceMiddleware.php
C:\xampp\htdocs\hbwebsite\admin\Admin Report\src\Menu.php
C:\xampp\htdocs\hbwebsite\admin\Admin Report\src\MenuItem.php
C:\xampp\htdocs\hbwebsite\admin\Admin Report\src\MenuItemAddingEvent.php
C:\xampp\htdocs\hbwebsite\admin\Admin Report\src\MenuRenderedEvent.php
C:\xampp\htdocs\hbwebsite\admin\Admin Report\src\MenuRenderingEvent.php
C:\xampp\htdocs\hbwebsite\admin\Admin Report\src\MessagesTrait.php
C:\xampp\htdocs\hbwebsite\admin\Admin Report\src\NumericPager.php
C:\xampp\htdocs\hbwebsite\admin\Admin Report\src\OptionValues.php
C:\xampp\htdocs\hbwebsite\admin\Admin Report\src\PageLoadingEvent.php
C:\xampp\htdocs\hbwebsite\admin\Admin Report\src\PageRenderingEvent.php
C:\xampp\htdocs\hbwebsite\admin\Admin Report\src\PageUnloadedEvent.php
C:\xampp\htdocs\hbwebsite\admin\Admin Report\src\Pager.php
C:\xampp\htdocs\hbwebsite\admin\Admin Report\src\PagerItem.php
C:\xampp\htdocs\hbwebsite\admin\Admin Report\src\PasswordHash.php
C:\xampp\htdocs\hbwebsite\admin\Admin Report\src\PermissionMiddleware.php
C:\xampp\htdocs\hbwebsite\admin\Admin Report\src\PhpEncryption.php
C:\xampp\htdocs\hbwebsite\admin\Admin Report\src\PragmaRxTwoFactorAuthentication.php
C:\xampp\htdocs\hbwebsite\admin\Admin Report\src\PrevNextPager.php
C:\xampp\htdocs\hbwebsite\admin\Admin Report\src\PushNotification.php
C:\xampp\htdocs\hbwebsite\admin\Admin Report\src\ReportField.php
C:\xampp\htdocs\hbwebsite\admin\Admin Report\src\ReportTable.php
C:\xampp\htdocs\hbwebsite\admin\Admin Report\src\ResendRegisterEmailAction.php
C:\xampp\htdocs\hbwebsite\admin\Admin Report\src\ResetConcurrentUserAction.php
C:\xampp\htdocs\hbwebsite\admin\Admin Report\src\ResetLoginRetryAction.php
C:\xampp\htdocs\hbwebsite\admin\Admin Report\src\ResetUserSecretAction.php
C:\xampp\htdocs\hbwebsite\admin\Admin Report\src\RouteActionEvent.php
C:\xampp\htdocs\hbwebsite\admin\Admin Report\src\RouteAttributes.php
C:\xampp\htdocs\hbwebsite\admin\Admin Report\src\RowSummary.php
C:\xampp\htdocs\hbwebsite\admin\Admin Report\src\RowTotal.php
C:\xampp\htdocs\hbwebsite\admin\Admin Report\src\RowType.php
C:\xampp\htdocs\hbwebsite\admin\Admin Report\src\Saml2.php
C:\xampp\htdocs\hbwebsite\admin\Admin Report\src\SessionHandler.php
C:\xampp\htdocs\hbwebsite\admin\Admin Report\src\SetPasswordExpiredAction.php
C:\xampp\htdocs\hbwebsite\admin\Admin Report\src\Sms.php
C:\xampp\htdocs\hbwebsite\admin\Admin Report\src\SmsTwoFactorAuthentication.php
C:\xampp\htdocs\hbwebsite\admin\Admin Report\src\SsoStateSessionStore.php
C:\xampp\htdocs\hbwebsite\admin\Admin Report\src\SubPage.php
C:\xampp\htdocs\hbwebsite\admin\Admin Report\src\SubPages.php
C:\xampp\htdocs\hbwebsite\admin\Admin Report\src\SummaryField.php
C:\xampp\htdocs\hbwebsite\admin\Admin Report\src\Timer.php
C:\xampp\htdocs\hbwebsite\admin\Admin Report\src\TwoFactorAuthenticationInterface.php
C:\xampp\htdocs\hbwebsite\admin\Admin Report\src\UploadHandler.php
C:\xampp\htdocs\hbwebsite\admin\Admin Report\src\UserProfile.php
C:\xampp\htdocs\hbwebsite\admin\Admin Report\src\XmlDocument.php
C:\xampp\htdocs\hbwebsite\admin\Admin Report\src\apiroutes.php
C:\xampp\htdocs\hbwebsite\admin\Admin Report\src\config.development.php
C:\xampp\htdocs\hbwebsite\admin\Admin Report\src\config.php
C:\xampp\htdocs\hbwebsite\admin\Admin Report\src\config.production.php
C:\xampp\htdocs\hbwebsite\admin\Admin Report\src\constants.php
C:\xampp\htdocs\hbwebsite\admin\Admin Report\src\definitions.php
C:\xampp\htdocs\hbwebsite\admin\Admin Report\src\phpfn.php
C:\xampp\htdocs\hbwebsite\admin\Admin Report\src\routes.php
C:\xampp\htdocs\hbwebsite\admin\Admin Report\src\userfn.php
C:\xampp\htdocs\hbwebsite\admin\Admin Report\src\userlevelsettings.php
C:\xampp\htdocs\hbwebsite\admin\Admin Report\views\BookingDetails2List.php
C:\xampp\htdocs\hbwebsite\admin\Admin Report\views\Error.php
C:\xampp\htdocs\hbwebsite\admin\Admin Report\views\HallReportList.php
C:\xampp\htdocs\hbwebsite\admin\Admin Report\views\UserReportList.php
C:\xampp\htdocs\hbwebsite\admin\Admin Report\views\email.php
C:\xampp\htdocs\hbwebsite\admin\Admin Report\views\layout.php
C:\xampp\htdocs\hbwebsite\admin\Admin Report\views\menu.php
C:\xampp\htdocs\hbwebsite\admin\Admin Report\views\swagger.php
C:\xampp\htdocs\hbwebsite\admin\Admin Report\web.config