C:\xampp\htdocs\hbwebsite\admin\Reports\.htaccess
C:\xampp\htdocs\hbwebsite\admin\Reports\api\.htaccess
C:\xampp\htdocs\hbwebsite\admin\Reports\api\index.php
C:\xampp\htdocs\hbwebsite\admin\Reports\composer.json
C:\xampp\htdocs\hbwebsite\admin\Reports\controllers\ApiController.php
C:\xampp\htdocs\hbwebsite\admin\Reports\controllers\ControllerBase.php
C:\xampp\htdocs\hbwebsite\admin\Reports\controllers\OthersController.php
C:\xampp\htdocs\hbwebsite\admin\Reports\controllers\View3Controller.php
C:\xampp\htdocs\hbwebsite\admin\Reports\controllers\View4Controller.php
C:\xampp\htdocs\hbwebsite\admin\Reports\controllers\View5Controller.php
C:\xampp\htdocs\hbwebsite\admin\Reports\css\ewpdf.scss
C:\xampp\htdocs\hbwebsite\admin\Reports\css\project4.scss
C:\xampp\htdocs\hbwebsite\admin\Reports\css\query-builder.scss
C:\xampp\htdocs\hbwebsite\admin\Reports\css\tabulator_bootstrap5.scss
C:\xampp\htdocs\hbwebsite\admin\Reports\css\tempus-dominus.scss
C:\xampp\htdocs\hbwebsite\admin\Reports\files\index.html
C:\xampp\htdocs\hbwebsite\admin\Reports\index.php
C:\xampp\htdocs\hbwebsite\admin\Reports\js\eweditor.js
C:\xampp\htdocs\hbwebsite\admin\Reports\js\userevent.js
C:\xampp\htdocs\hbwebsite\admin\Reports\js\userfn.js
C:\xampp\htdocs\hbwebsite\admin\Reports\log\index.html
C:\xampp\htdocs\hbwebsite\admin\Reports\models\AdminCred.php
C:\xampp\htdocs\hbwebsite\admin\Reports\models\BookedFood.php
C:\xampp\htdocs\hbwebsite\admin\Reports\models\BookingDetails.php
C:\xampp\htdocs\hbwebsite\admin\Reports\models\BookingDetailsReport.php
C:\xampp\htdocs\hbwebsite\admin\Reports\models\BookingOrder.php
C:\xampp\htdocs\hbwebsite\admin\Reports\models\BookingRecords.php
C:\xampp\htdocs\hbwebsite\admin\Reports\models\BookingReport.php
C:\xampp\htdocs\hbwebsite\admin\Reports\models\BookingorderReport.php
C:\xampp\htdocs\hbwebsite\admin\Reports\models\Carousel.php
C:\xampp\htdocs\hbwebsite\admin\Reports\models\ContactDetails.php
C:\xampp\htdocs\hbwebsite\admin\Reports\models\Facilities.php
C:\xampp\htdocs\hbwebsite\admin\Reports\models\Features.php
C:\xampp\htdocs\hbwebsite\admin\Reports\models\MainCourseItem.php
C:\xampp\htdocs\hbwebsite\admin\Reports\models\ManagerCred.php
C:\xampp\htdocs\hbwebsite\admin\Reports\models\Menu2.php
C:\xampp\htdocs\hbwebsite\admin\Reports\models\RatingReview.php
C:\xampp\htdocs\hbwebsite\admin\Reports\models\RoomFacilities.php
C:\xampp\htdocs\hbwebsite\admin\Reports\models\RoomFeatures.php
C:\xampp\htdocs\hbwebsite\admin\Reports\models\RoomImages.php
C:\xampp\htdocs\hbwebsite\admin\Reports\models\Rooms.php
C:\xampp\htdocs\hbwebsite\admin\Reports\models\Settings.php
C:\xampp\htdocs\hbwebsite\admin\Reports\models\StarterItem.php
C:\xampp\htdocs\hbwebsite\admin\Reports\models\SweetItem.php
C:\xampp\htdocs\hbwebsite\admin\Reports\models\TeamDetails.php
C:\xampp\htdocs\hbwebsite\admin\Reports\models\UserCred.php
C:\xampp\htdocs\hbwebsite\admin\Reports\models\UserQueries.php
C:\xampp\htdocs\hbwebsite\admin\Reports\models\View1.php
C:\xampp\htdocs\hbwebsite\admin\Reports\models\View2.php
C:\xampp\htdocs\hbwebsite\admin\Reports\models\View3.php
C:\xampp\htdocs\hbwebsite\admin\Reports\models\View3List.php
C:\xampp\htdocs\hbwebsite\admin\Reports\models\View4.php
C:\xampp\htdocs\hbwebsite\admin\Reports\models\View4List.php
C:\xampp\htdocs\hbwebsite\admin\Reports\models\View5.php
C:\xampp\htdocs\hbwebsite\admin\Reports\models\View5List.php
C:\xampp\htdocs\hbwebsite\admin\Reports\package.json
C:\xampp\htdocs\hbwebsite\admin\Reports\src\AbstractController.php
C:\xampp\htdocs\hbwebsite\admin\Reports\src\AbstractEntity.php
C:\xampp\htdocs\hbwebsite\admin\Reports\src\AbstractExport.php
C:\xampp\htdocs\hbwebsite\admin\Reports\src\AbstractExportBase.php
C:\xampp\htdocs\hbwebsite\admin\Reports\src\AbstractTwoFactorAuthentication.php
C:\xampp\htdocs\hbwebsite\admin\Reports\src\AdvancedFilter.php
C:\xampp\htdocs\hbwebsite\admin\Reports\src\AdvancedSearch.php
C:\xampp\htdocs\hbwebsite\admin\Reports\src\AdvancedSecurity.php
C:\xampp\htdocs\hbwebsite\admin\Reports\src\Allow.php
C:\xampp\htdocs\hbwebsite\admin\Reports\src\ApiActionEvent.php
C:\xampp\htdocs\hbwebsite\admin\Reports\src\ApiPermissionMiddleware.php
C:\xampp\htdocs\hbwebsite\admin\Reports\src\Attributes.php
C:\xampp\htdocs\hbwebsite\admin\Reports\src\Attributes\Delete.php
C:\xampp\htdocs\hbwebsite\admin\Reports\src\Attributes\Get.php
C:\xampp\htdocs\hbwebsite\admin\Reports\src\Attributes\Map.php
C:\xampp\htdocs\hbwebsite\admin\Reports\src\Attributes\Options.php
C:\xampp\htdocs\hbwebsite\admin\Reports\src\Attributes\Patch.php
C:\xampp\htdocs\hbwebsite\admin\Reports\src\Attributes\Post.php
C:\xampp\htdocs\hbwebsite\admin\Reports\src\Attributes\Put.php
C:\xampp\htdocs\hbwebsite\admin\Reports\src\AuditTrailHandler.php
C:\xampp\htdocs\hbwebsite\admin\Reports\src\AzureAD.php
C:\xampp\htdocs\hbwebsite\admin\Reports\src\BasicSearch.php
C:\xampp\htdocs\hbwebsite\admin\Reports\src\Breadcrumb.php
C:\xampp\htdocs\hbwebsite\admin\Reports\src\BytesType.php
C:\xampp\htdocs\hbwebsite\admin\Reports\src\CaptchaBase.php
C:\xampp\htdocs\hbwebsite\admin\Reports\src\CaptchaInterface.php
C:\xampp\htdocs\hbwebsite\admin\Reports\src\ChartExporter.php
C:\xampp\htdocs\hbwebsite\admin\Reports\src\ChartJsRenderer.php
C:\xampp\htdocs\hbwebsite\admin\Reports\src\ChartRendererInterface.php
C:\xampp\htdocs\hbwebsite\admin\Reports\src\ChartTypes.php
C:\xampp\htdocs\hbwebsite\admin\Reports\src\ConfigurationEvent.php
C:\xampp\htdocs\hbwebsite\admin\Reports\src\ContainerBuildEvent.php
C:\xampp\htdocs\hbwebsite\admin\Reports\src\CorsMiddleware.php
C:\xampp\htdocs\hbwebsite\admin\Reports\src\CrosstabColumn.php
C:\xampp\htdocs\hbwebsite\admin\Reports\src\CrosstabTable.php
C:\xampp\htdocs\hbwebsite\admin\Reports\src\CustomUploadHandler.php
C:\xampp\htdocs\hbwebsite\admin\Reports\src\DataType.php
C:\xampp\htdocs\hbwebsite\admin\Reports\src\DatabaseConnectedEvent.php
C:\xampp\htdocs\hbwebsite\admin\Reports\src\DatabaseConnectingEvent.php
C:\xampp\htdocs\hbwebsite\admin\Reports\src\DbChart.php
C:\xampp\htdocs\hbwebsite\admin\Reports\src\DbField.php
C:\xampp\htdocs\hbwebsite\admin\Reports\src\DbTable.php
C:\xampp\htdocs\hbwebsite\admin\Reports\src\DbTableBase.php
C:\xampp\htdocs\hbwebsite\admin\Reports\src\DebugSqlLogger.php
C:\xampp\htdocs\hbwebsite\admin\Reports\src\Email.php
C:\xampp\htdocs\hbwebsite\admin\Reports\src\EmailTwoFactorAuthentication.php
C:\xampp\htdocs\hbwebsite\admin\Reports\src\EntityDescriptor.php
C:\xampp\htdocs\hbwebsite\admin\Reports\src\Entity\View3.php
C:\xampp\htdocs\hbwebsite\admin\Reports\src\Entity\View4.php
C:\xampp\htdocs\hbwebsite\admin\Reports\src\Entity\View5.php
C:\xampp\htdocs\hbwebsite\admin\Reports\src\ExportCsv.php
C:\xampp\htdocs\hbwebsite\admin\Reports\src\ExportEmail.php
C:\xampp\htdocs\hbwebsite\admin\Reports\src\ExportExcel.php
C:\xampp\htdocs\hbwebsite\admin\Reports\src\ExportHandler.php
C:\xampp\htdocs\hbwebsite\admin\Reports\src\ExportHtml.php
C:\xampp\htdocs\hbwebsite\admin\Reports\src\ExportJson.php
C:\xampp\htdocs\hbwebsite\admin\Reports\src\ExportPdf.php
C:\xampp\htdocs\hbwebsite\admin\Reports\src\ExportWord.php
C:\xampp\htdocs\hbwebsite\admin\Reports\src\ExportXml.php
C:\xampp\htdocs\hbwebsite\admin\Reports\src\FileUploadHandler.php
C:\xampp\htdocs\hbwebsite\admin\Reports\src\FileViewer.php
C:\xampp\htdocs\hbwebsite\admin\Reports\src\ForceLogoutUserAction.php
C:\xampp\htdocs\hbwebsite\admin\Reports\src\GeographyType.php
C:\xampp\htdocs\hbwebsite\admin\Reports\src\GeometryType.php
C:\xampp\htdocs\hbwebsite\admin\Reports\src\HierarchyIdType.php
C:\xampp\htdocs\hbwebsite\admin\Reports\src\HttpErrorHandler.php
C:\xampp\htdocs\hbwebsite\admin\Reports\src\HttpForm.php
C:\xampp\htdocs\hbwebsite\admin\Reports\src\HttpServiceUnavailableException.php
C:\xampp\htdocs\hbwebsite\admin\Reports\src\HttpSession.php
C:\xampp\htdocs\hbwebsite\admin\Reports\src\HttpUpload.php
C:\xampp\htdocs\hbwebsite\admin\Reports\src\JwtMiddleware.php
C:\xampp\htdocs\hbwebsite\admin\Reports\src\Language.php
C:\xampp\htdocs\hbwebsite\admin\Reports\src\LanguageLoadEvent.php
C:\xampp\htdocs\hbwebsite\admin\Reports\src\LaravelSessionMiddleware.php
C:\xampp\htdocs\hbwebsite\admin\Reports\src\LdapConn.php
C:\xampp\htdocs\hbwebsite\admin\Reports\src\ListAction.php
C:\xampp\htdocs\hbwebsite\admin\Reports\src\ListActions.php
C:\xampp\htdocs\hbwebsite\admin\Reports\src\ListOption.php
C:\xampp\htdocs\hbwebsite\admin\Reports\src\ListOptions.php
C:\xampp\htdocs\hbwebsite\admin\Reports\src\ListOptionsArray.php
C:\xampp\htdocs\hbwebsite\admin\Reports\src\LoginStatusEvent.php
C:\xampp\htdocs\hbwebsite\admin\Reports\src\Lookup.php
C:\xampp\htdocs\hbwebsite\admin\Reports\src\MaintenanceMiddleware.php
C:\xampp\htdocs\hbwebsite\admin\Reports\src\Menu.php
C:\xampp\htdocs\hbwebsite\admin\Reports\src\MenuItem.php
C:\xampp\htdocs\hbwebsite\admin\Reports\src\MenuItemAddingEvent.php
C:\xampp\htdocs\hbwebsite\admin\Reports\src\MenuRenderedEvent.php
C:\xampp\htdocs\hbwebsite\admin\Reports\src\MenuRenderingEvent.php
C:\xampp\htdocs\hbwebsite\admin\Reports\src\MessagesTrait.php
C:\xampp\htdocs\hbwebsite\admin\Reports\src\NumericPager.php
C:\xampp\htdocs\hbwebsite\admin\Reports\src\OptionValues.php
C:\xampp\htdocs\hbwebsite\admin\Reports\src\PageLoadingEvent.php
C:\xampp\htdocs\hbwebsite\admin\Reports\src\PageRenderingEvent.php
C:\xampp\htdocs\hbwebsite\admin\Reports\src\PageUnloadedEvent.php
C:\xampp\htdocs\hbwebsite\admin\Reports\src\Pager.php
C:\xampp\htdocs\hbwebsite\admin\Reports\src\PagerItem.php
C:\xampp\htdocs\hbwebsite\admin\Reports\src\PasswordHash.php
C:\xampp\htdocs\hbwebsite\admin\Reports\src\PermissionMiddleware.php
C:\xampp\htdocs\hbwebsite\admin\Reports\src\PhpEncryption.php
C:\xampp\htdocs\hbwebsite\admin\Reports\src\PragmaRxTwoFactorAuthentication.php
C:\xampp\htdocs\hbwebsite\admin\Reports\src\PrevNextPager.php
C:\xampp\htdocs\hbwebsite\admin\Reports\src\PushNotification.php
C:\xampp\htdocs\hbwebsite\admin\Reports\src\ReportField.php
C:\xampp\htdocs\hbwebsite\admin\Reports\src\ReportTable.php
C:\xampp\htdocs\hbwebsite\admin\Reports\src\ResendRegisterEmailAction.php
C:\xampp\htdocs\hbwebsite\admin\Reports\src\ResetConcurrentUserAction.php
C:\xampp\htdocs\hbwebsite\admin\Reports\src\ResetLoginRetryAction.php
C:\xampp\htdocs\hbwebsite\admin\Reports\src\ResetUserSecretAction.php
C:\xampp\htdocs\hbwebsite\admin\Reports\src\RouteActionEvent.php
C:\xampp\htdocs\hbwebsite\admin\Reports\src\RouteAttributes.php
C:\xampp\htdocs\hbwebsite\admin\Reports\src\RowSummary.php
C:\xampp\htdocs\hbwebsite\admin\Reports\src\RowTotal.php
C:\xampp\htdocs\hbwebsite\admin\Reports\src\RowType.php
C:\xampp\htdocs\hbwebsite\admin\Reports\src\Saml2.php
C:\xampp\htdocs\hbwebsite\admin\Reports\src\SessionHandler.php
C:\xampp\htdocs\hbwebsite\admin\Reports\src\SetPasswordExpiredAction.php
C:\xampp\htdocs\hbwebsite\admin\Reports\src\Sms.php
C:\xampp\htdocs\hbwebsite\admin\Reports\src\SmsTwoFactorAuthentication.php
C:\xampp\htdocs\hbwebsite\admin\Reports\src\SsoStateSessionStore.php
C:\xampp\htdocs\hbwebsite\admin\Reports\src\SubPage.php
C:\xampp\htdocs\hbwebsite\admin\Reports\src\SubPages.php
C:\xampp\htdocs\hbwebsite\admin\Reports\src\SummaryField.php
C:\xampp\htdocs\hbwebsite\admin\Reports\src\Timer.php
C:\xampp\htdocs\hbwebsite\admin\Reports\src\TwoFactorAuthenticationInterface.php
C:\xampp\htdocs\hbwebsite\admin\Reports\src\UploadHandler.php
C:\xampp\htdocs\hbwebsite\admin\Reports\src\UserProfile.php
C:\xampp\htdocs\hbwebsite\admin\Reports\src\XmlDocument.php
C:\xampp\htdocs\hbwebsite\admin\Reports\src\apiroutes.php
C:\xampp\htdocs\hbwebsite\admin\Reports\src\config.development.php
C:\xampp\htdocs\hbwebsite\admin\Reports\src\config.php
C:\xampp\htdocs\hbwebsite\admin\Reports\src\config.production.php
C:\xampp\htdocs\hbwebsite\admin\Reports\src\constants.php
C:\xampp\htdocs\hbwebsite\admin\Reports\src\definitions.php
C:\xampp\htdocs\hbwebsite\admin\Reports\src\phpfn.php
C:\xampp\htdocs\hbwebsite\admin\Reports\src\routes.php
C:\xampp\htdocs\hbwebsite\admin\Reports\src\userfn.php
C:\xampp\htdocs\hbwebsite\admin\Reports\src\userlevelsettings.php
C:\xampp\htdocs\hbwebsite\admin\Reports\views\Error.php
C:\xampp\htdocs\hbwebsite\admin\Reports\views\View3List.php
C:\xampp\htdocs\hbwebsite\admin\Reports\views\View4List.php
C:\xampp\htdocs\hbwebsite\admin\Reports\views\View5List.php
C:\xampp\htdocs\hbwebsite\admin\Reports\views\email.php
C:\xampp\htdocs\hbwebsite\admin\Reports\views\layout.php
C:\xampp\htdocs\hbwebsite\admin\Reports\views\menu.php
C:\xampp\htdocs\hbwebsite\admin\Reports\views\swagger.php
C:\xampp\htdocs\hbwebsite\admin\Reports\web.config