C:\xampp\htdocs\hbwebsite\phpreport\.htaccess
C:\xampp\htdocs\hbwebsite\phpreport\api\.htaccess
C:\xampp\htdocs\hbwebsite\phpreport\api\index.php
C:\xampp\htdocs\hbwebsite\phpreport\composer.json
C:\xampp\htdocs\hbwebsite\phpreport\controllers\ApiController.php
C:\xampp\htdocs\hbwebsite\phpreport\controllers\BookingorderReportController.php
C:\xampp\htdocs\hbwebsite\phpreport\controllers\ControllerBase.php
C:\xampp\htdocs\hbwebsite\phpreport\controllers\OthersController.php
C:\xampp\htdocs\hbwebsite\phpreport\css\ewpdf.scss
C:\xampp\htdocs\hbwebsite\phpreport\css\project1.scss
C:\xampp\htdocs\hbwebsite\phpreport\css\query-builder.scss
C:\xampp\htdocs\hbwebsite\phpreport\css\tabulator_bootstrap5.scss
C:\xampp\htdocs\hbwebsite\phpreport\css\tempus-dominus.scss
C:\xampp\htdocs\hbwebsite\phpreport\files\index.html
C:\xampp\htdocs\hbwebsite\phpreport\index.php
C:\xampp\htdocs\hbwebsite\phpreport\js\eweditor.js
C:\xampp\htdocs\hbwebsite\phpreport\js\userevent.js
C:\xampp\htdocs\hbwebsite\phpreport\js\userfn.js
C:\xampp\htdocs\hbwebsite\phpreport\log\index.html
C:\xampp\htdocs\hbwebsite\phpreport\models\AdminCred.php
C:\xampp\htdocs\hbwebsite\phpreport\models\BookedFood.php
C:\xampp\htdocs\hbwebsite\phpreport\models\BookingDetails.php
C:\xampp\htdocs\hbwebsite\phpreport\models\BookingOrder.php
C:\xampp\htdocs\hbwebsite\phpreport\models\BookingReport.php
C:\xampp\htdocs\hbwebsite\phpreport\models\BookingorderReport.php
C:\xampp\htdocs\hbwebsite\phpreport\models\BookingorderReportList.php
C:\xampp\htdocs\hbwebsite\phpreport\models\Carousel.php
C:\xampp\htdocs\hbwebsite\phpreport\models\ContactDetails.php
C:\xampp\htdocs\hbwebsite\phpreport\models\Facilities.php
C:\xampp\htdocs\hbwebsite\phpreport\models\Features.php
C:\xampp\htdocs\hbwebsite\phpreport\models\MainCourseItem.php
C:\xampp\htdocs\hbwebsite\phpreport\models\ManagerCred.php
C:\xampp\htdocs\hbwebsite\phpreport\models\Menu2.php
C:\xampp\htdocs\hbwebsite\phpreport\models\RatingReview.php
C:\xampp\htdocs\hbwebsite\phpreport\models\RoomFacilities.php
C:\xampp\htdocs\hbwebsite\phpreport\models\RoomFeatures.php
C:\xampp\htdocs\hbwebsite\phpreport\models\RoomImages.php
C:\xampp\htdocs\hbwebsite\phpreport\models\Rooms.php
C:\xampp\htdocs\hbwebsite\phpreport\models\Settings.php
C:\xampp\htdocs\hbwebsite\phpreport\models\StarterItem.php
C:\xampp\htdocs\hbwebsite\phpreport\models\SweetItem.php
C:\xampp\htdocs\hbwebsite\phpreport\models\TeamDetails.php
C:\xampp\htdocs\hbwebsite\phpreport\models\UserCred.php
C:\xampp\htdocs\hbwebsite\phpreport\models\UserQueries.php
C:\xampp\htdocs\hbwebsite\phpreport\package.json
C:\xampp\htdocs\hbwebsite\phpreport\src\AbstractController.php
C:\xampp\htdocs\hbwebsite\phpreport\src\AbstractEntity.php
C:\xampp\htdocs\hbwebsite\phpreport\src\AbstractExport.php
C:\xampp\htdocs\hbwebsite\phpreport\src\AbstractExportBase.php
C:\xampp\htdocs\hbwebsite\phpreport\src\AbstractTwoFactorAuthentication.php
C:\xampp\htdocs\hbwebsite\phpreport\src\AdvancedFilter.php
C:\xampp\htdocs\hbwebsite\phpreport\src\AdvancedSearch.php
C:\xampp\htdocs\hbwebsite\phpreport\src\AdvancedSecurity.php
C:\xampp\htdocs\hbwebsite\phpreport\src\Allow.php
C:\xampp\htdocs\hbwebsite\phpreport\src\ApiActionEvent.php
C:\xampp\htdocs\hbwebsite\phpreport\src\ApiPermissionMiddleware.php
C:\xampp\htdocs\hbwebsite\phpreport\src\Attributes.php
C:\xampp\htdocs\hbwebsite\phpreport\src\Attributes\Delete.php
C:\xampp\htdocs\hbwebsite\phpreport\src\Attributes\Get.php
C:\xampp\htdocs\hbwebsite\phpreport\src\Attributes\Map.php
C:\xampp\htdocs\hbwebsite\phpreport\src\Attributes\Options.php
C:\xampp\htdocs\hbwebsite\phpreport\src\Attributes\Patch.php
C:\xampp\htdocs\hbwebsite\phpreport\src\Attributes\Post.php
C:\xampp\htdocs\hbwebsite\phpreport\src\Attributes\Put.php
C:\xampp\htdocs\hbwebsite\phpreport\src\AuditTrailHandler.php
C:\xampp\htdocs\hbwebsite\phpreport\src\AzureAD.php
C:\xampp\htdocs\hbwebsite\phpreport\src\BasicSearch.php
C:\xampp\htdocs\hbwebsite\phpreport\src\Breadcrumb.php
C:\xampp\htdocs\hbwebsite\phpreport\src\BytesType.php
C:\xampp\htdocs\hbwebsite\phpreport\src\CaptchaBase.php
C:\xampp\htdocs\hbwebsite\phpreport\src\CaptchaInterface.php
C:\xampp\htdocs\hbwebsite\phpreport\src\ChartExporter.php
C:\xampp\htdocs\hbwebsite\phpreport\src\ChartJsRenderer.php
C:\xampp\htdocs\hbwebsite\phpreport\src\ChartRendererInterface.php
C:\xampp\htdocs\hbwebsite\phpreport\src\ChartTypes.php
C:\xampp\htdocs\hbwebsite\phpreport\src\ConfigurationEvent.php
C:\xampp\htdocs\hbwebsite\phpreport\src\ContainerBuildEvent.php
C:\xampp\htdocs\hbwebsite\phpreport\src\CorsMiddleware.php
C:\xampp\htdocs\hbwebsite\phpreport\src\CrosstabColumn.php
C:\xampp\htdocs\hbwebsite\phpreport\src\CrosstabTable.php
C:\xampp\htdocs\hbwebsite\phpreport\src\CustomUploadHandler.php
C:\xampp\htdocs\hbwebsite\phpreport\src\DataType.php
C:\xampp\htdocs\hbwebsite\phpreport\src\DatabaseConnectedEvent.php
C:\xampp\htdocs\hbwebsite\phpreport\src\DatabaseConnectingEvent.php
C:\xampp\htdocs\hbwebsite\phpreport\src\DbChart.php
C:\xampp\htdocs\hbwebsite\phpreport\src\DbField.php
C:\xampp\htdocs\hbwebsite\phpreport\src\DbTable.php
C:\xampp\htdocs\hbwebsite\phpreport\src\DbTableBase.php
C:\xampp\htdocs\hbwebsite\phpreport\src\DebugSqlLogger.php
C:\xampp\htdocs\hbwebsite\phpreport\src\Email.php
C:\xampp\htdocs\hbwebsite\phpreport\src\EmailTwoFactorAuthentication.php
C:\xampp\htdocs\hbwebsite\phpreport\src\EntityDescriptor.php
C:\xampp\htdocs\hbwebsite\phpreport\src\Entity\BookingorderReport.php
C:\xampp\htdocs\hbwebsite\phpreport\src\ExportCsv.php
C:\xampp\htdocs\hbwebsite\phpreport\src\ExportEmail.php
C:\xampp\htdocs\hbwebsite\phpreport\src\ExportExcel.php
C:\xampp\htdocs\hbwebsite\phpreport\src\ExportHandler.php
C:\xampp\htdocs\hbwebsite\phpreport\src\ExportHtml.php
C:\xampp\htdocs\hbwebsite\phpreport\src\ExportJson.php
C:\xampp\htdocs\hbwebsite\phpreport\src\ExportPdf.php
C:\xampp\htdocs\hbwebsite\phpreport\src\ExportWord.php
C:\xampp\htdocs\hbwebsite\phpreport\src\ExportXml.php
C:\xampp\htdocs\hbwebsite\phpreport\src\FileUploadHandler.php
C:\xampp\htdocs\hbwebsite\phpreport\src\FileViewer.php
C:\xampp\htdocs\hbwebsite\phpreport\src\ForceLogoutUserAction.php
C:\xampp\htdocs\hbwebsite\phpreport\src\GeographyType.php
C:\xampp\htdocs\hbwebsite\phpreport\src\GeometryType.php
C:\xampp\htdocs\hbwebsite\phpreport\src\HierarchyIdType.php
C:\xampp\htdocs\hbwebsite\phpreport\src\HttpErrorHandler.php
C:\xampp\htdocs\hbwebsite\phpreport\src\HttpForm.php
C:\xampp\htdocs\hbwebsite\phpreport\src\HttpServiceUnavailableException.php
C:\xampp\htdocs\hbwebsite\phpreport\src\HttpSession.php
C:\xampp\htdocs\hbwebsite\phpreport\src\HttpUpload.php
C:\xampp\htdocs\hbwebsite\phpreport\src\JwtMiddleware.php
C:\xampp\htdocs\hbwebsite\phpreport\src\Language.php
C:\xampp\htdocs\hbwebsite\phpreport\src\LanguageLoadEvent.php
C:\xampp\htdocs\hbwebsite\phpreport\src\LaravelSessionMiddleware.php
C:\xampp\htdocs\hbwebsite\phpreport\src\LdapConn.php
C:\xampp\htdocs\hbwebsite\phpreport\src\ListAction.php
C:\xampp\htdocs\hbwebsite\phpreport\src\ListActions.php
C:\xampp\htdocs\hbwebsite\phpreport\src\ListOption.php
C:\xampp\htdocs\hbwebsite\phpreport\src\ListOptions.php
C:\xampp\htdocs\hbwebsite\phpreport\src\ListOptionsArray.php
C:\xampp\htdocs\hbwebsite\phpreport\src\LoginStatusEvent.php
C:\xampp\htdocs\hbwebsite\phpreport\src\Lookup.php
C:\xampp\htdocs\hbwebsite\phpreport\src\MaintenanceMiddleware.php
C:\xampp\htdocs\hbwebsite\phpreport\src\Menu.php
C:\xampp\htdocs\hbwebsite\phpreport\src\MenuItem.php
C:\xampp\htdocs\hbwebsite\phpreport\src\MenuItemAddingEvent.php
C:\xampp\htdocs\hbwebsite\phpreport\src\MenuRenderedEvent.php
C:\xampp\htdocs\hbwebsite\phpreport\src\MenuRenderingEvent.php
C:\xampp\htdocs\hbwebsite\phpreport\src\MessagesTrait.php
C:\xampp\htdocs\hbwebsite\phpreport\src\NumericPager.php
C:\xampp\htdocs\hbwebsite\phpreport\src\OptionValues.php
C:\xampp\htdocs\hbwebsite\phpreport\src\PageLoadingEvent.php
C:\xampp\htdocs\hbwebsite\phpreport\src\PageRenderingEvent.php
C:\xampp\htdocs\hbwebsite\phpreport\src\PageUnloadedEvent.php
C:\xampp\htdocs\hbwebsite\phpreport\src\Pager.php
C:\xampp\htdocs\hbwebsite\phpreport\src\PagerItem.php
C:\xampp\htdocs\hbwebsite\phpreport\src\PasswordHash.php
C:\xampp\htdocs\hbwebsite\phpreport\src\PermissionMiddleware.php
C:\xampp\htdocs\hbwebsite\phpreport\src\PhpEncryption.php
C:\xampp\htdocs\hbwebsite\phpreport\src\PragmaRxTwoFactorAuthentication.php
C:\xampp\htdocs\hbwebsite\phpreport\src\PrevNextPager.php
C:\xampp\htdocs\hbwebsite\phpreport\src\PushNotification.php
C:\xampp\htdocs\hbwebsite\phpreport\src\ReportField.php
C:\xampp\htdocs\hbwebsite\phpreport\src\ReportTable.php
C:\xampp\htdocs\hbwebsite\phpreport\src\ResendRegisterEmailAction.php
C:\xampp\htdocs\hbwebsite\phpreport\src\ResetConcurrentUserAction.php
C:\xampp\htdocs\hbwebsite\phpreport\src\ResetLoginRetryAction.php
C:\xampp\htdocs\hbwebsite\phpreport\src\ResetUserSecretAction.php
C:\xampp\htdocs\hbwebsite\phpreport\src\RouteActionEvent.php
C:\xampp\htdocs\hbwebsite\phpreport\src\RouteAttributes.php
C:\xampp\htdocs\hbwebsite\phpreport\src\RowSummary.php
C:\xampp\htdocs\hbwebsite\phpreport\src\RowTotal.php
C:\xampp\htdocs\hbwebsite\phpreport\src\RowType.php
C:\xampp\htdocs\hbwebsite\phpreport\src\Saml2.php
C:\xampp\htdocs\hbwebsite\phpreport\src\SessionHandler.php
C:\xampp\htdocs\hbwebsite\phpreport\src\SetPasswordExpiredAction.php
C:\xampp\htdocs\hbwebsite\phpreport\src\Sms.php
C:\xampp\htdocs\hbwebsite\phpreport\src\SmsTwoFactorAuthentication.php
C:\xampp\htdocs\hbwebsite\phpreport\src\SsoStateSessionStore.php
C:\xampp\htdocs\hbwebsite\phpreport\src\SubPage.php
C:\xampp\htdocs\hbwebsite\phpreport\src\SubPages.php
C:\xampp\htdocs\hbwebsite\phpreport\src\SummaryField.php
C:\xampp\htdocs\hbwebsite\phpreport\src\Timer.php
C:\xampp\htdocs\hbwebsite\phpreport\src\TwoFactorAuthenticationInterface.php
C:\xampp\htdocs\hbwebsite\phpreport\src\UploadHandler.php
C:\xampp\htdocs\hbwebsite\phpreport\src\UserProfile.php
C:\xampp\htdocs\hbwebsite\phpreport\src\XmlDocument.php
C:\xampp\htdocs\hbwebsite\phpreport\src\apiroutes.php
C:\xampp\htdocs\hbwebsite\phpreport\src\config.development.php
C:\xampp\htdocs\hbwebsite\phpreport\src\config.php
C:\xampp\htdocs\hbwebsite\phpreport\src\config.production.php
C:\xampp\htdocs\hbwebsite\phpreport\src\constants.php
C:\xampp\htdocs\hbwebsite\phpreport\src\definitions.php
C:\xampp\htdocs\hbwebsite\phpreport\src\phpfn.php
C:\xampp\htdocs\hbwebsite\phpreport\src\routes.php
C:\xampp\htdocs\hbwebsite\phpreport\src\userfn.php
C:\xampp\htdocs\hbwebsite\phpreport\src\userlevelsettings.php
C:\xampp\htdocs\hbwebsite\phpreport\views\BookingorderReportList.php
C:\xampp\htdocs\hbwebsite\phpreport\views\Error.php
C:\xampp\htdocs\hbwebsite\phpreport\views\email.php
C:\xampp\htdocs\hbwebsite\phpreport\views\layout.php
C:\xampp\htdocs\hbwebsite\phpreport\views\menu.php
C:\xampp\htdocs\hbwebsite\phpreport\views\swagger.php
C:\xampp\htdocs\hbwebsite\phpreport\web.config