C:\xampp\htdocs\hbwebsite\admin\New folder\.htaccess
C:\xampp\htdocs\hbwebsite\admin\New folder\api\.htaccess
C:\xampp\htdocs\hbwebsite\admin\New folder\api\index.php
C:\xampp\htdocs\hbwebsite\admin\New folder\composer.json
C:\xampp\htdocs\hbwebsite\admin\New folder\controllers\AdminCredController.php
C:\xampp\htdocs\hbwebsite\admin\New folder\controllers\ApiController.php
C:\xampp\htdocs\hbwebsite\admin\New folder\controllers\BookedFoodController.php
C:\xampp\htdocs\hbwebsite\admin\New folder\controllers\BookingDetailsController.php
C:\xampp\htdocs\hbwebsite\admin\New folder\controllers\BookingOrderController.php
C:\xampp\htdocs\hbwebsite\admin\New folder\controllers\CarouselController.php
C:\xampp\htdocs\hbwebsite\admin\New folder\controllers\ContactDetailsController.php
C:\xampp\htdocs\hbwebsite\admin\New folder\controllers\ControllerBase.php
C:\xampp\htdocs\hbwebsite\admin\New folder\controllers\FacilitiesController.php
C:\xampp\htdocs\hbwebsite\admin\New folder\controllers\FeaturesController.php
C:\xampp\htdocs\hbwebsite\admin\New folder\controllers\MainCourseItemController.php
C:\xampp\htdocs\hbwebsite\admin\New folder\controllers\ManagerCredController.php
C:\xampp\htdocs\hbwebsite\admin\New folder\controllers\Menu2Controller.php
C:\xampp\htdocs\hbwebsite\admin\New folder\controllers\OthersController.php
C:\xampp\htdocs\hbwebsite\admin\New folder\controllers\RatingReviewController.php
C:\xampp\htdocs\hbwebsite\admin\New folder\controllers\RoomFacilitiesController.php
C:\xampp\htdocs\hbwebsite\admin\New folder\controllers\RoomFeaturesController.php
C:\xampp\htdocs\hbwebsite\admin\New folder\controllers\RoomImagesController.php
C:\xampp\htdocs\hbwebsite\admin\New folder\controllers\RoomsController.php
C:\xampp\htdocs\hbwebsite\admin\New folder\controllers\SettingsController.php
C:\xampp\htdocs\hbwebsite\admin\New folder\controllers\StarterItemController.php
C:\xampp\htdocs\hbwebsite\admin\New folder\controllers\SweetItemController.php
C:\xampp\htdocs\hbwebsite\admin\New folder\controllers\TeamDetailsController.php
C:\xampp\htdocs\hbwebsite\admin\New folder\controllers\UserCredController.php
C:\xampp\htdocs\hbwebsite\admin\New folder\controllers\UserQueriesController.php
C:\xampp\htdocs\hbwebsite\admin\New folder\controllers\View3Controller.php
C:\xampp\htdocs\hbwebsite\admin\New folder\controllers\View4Controller.php
C:\xampp\htdocs\hbwebsite\admin\New folder\controllers\View5Controller.php
C:\xampp\htdocs\hbwebsite\admin\New folder\css\ewpdf.scss
C:\xampp\htdocs\hbwebsite\admin\New folder\css\project4.scss
C:\xampp\htdocs\hbwebsite\admin\New folder\css\query-builder.scss
C:\xampp\htdocs\hbwebsite\admin\New folder\css\tabulator_bootstrap5.scss
C:\xampp\htdocs\hbwebsite\admin\New folder\css\tempus-dominus.scss
C:\xampp\htdocs\hbwebsite\admin\New folder\files\index.html
C:\xampp\htdocs\hbwebsite\admin\New folder\index.php
C:\xampp\htdocs\hbwebsite\admin\New folder\js\eweditor.js
C:\xampp\htdocs\hbwebsite\admin\New folder\js\userevent.js
C:\xampp\htdocs\hbwebsite\admin\New folder\js\userfn.js
C:\xampp\htdocs\hbwebsite\admin\New folder\log\index.html
C:\xampp\htdocs\hbwebsite\admin\New folder\models\AdminCred.php
C:\xampp\htdocs\hbwebsite\admin\New folder\models\AdminCredAdd.php
C:\xampp\htdocs\hbwebsite\admin\New folder\models\AdminCredDelete.php
C:\xampp\htdocs\hbwebsite\admin\New folder\models\AdminCredEdit.php
C:\xampp\htdocs\hbwebsite\admin\New folder\models\AdminCredList.php
C:\xampp\htdocs\hbwebsite\admin\New folder\models\AdminCredView.php
C:\xampp\htdocs\hbwebsite\admin\New folder\models\BookedFood.php
C:\xampp\htdocs\hbwebsite\admin\New folder\models\BookedFoodList.php
C:\xampp\htdocs\hbwebsite\admin\New folder\models\BookingDetails.php
C:\xampp\htdocs\hbwebsite\admin\New folder\models\BookingDetailsList.php
C:\xampp\htdocs\hbwebsite\admin\New folder\models\BookingDetailsReport.php
C:\xampp\htdocs\hbwebsite\admin\New folder\models\BookingOrder.php
C:\xampp\htdocs\hbwebsite\admin\New folder\models\BookingOrderList.php
C:\xampp\htdocs\hbwebsite\admin\New folder\models\BookingRecords.php
C:\xampp\htdocs\hbwebsite\admin\New folder\models\BookingReport.php
C:\xampp\htdocs\hbwebsite\admin\New folder\models\BookingorderReport.php
C:\xampp\htdocs\hbwebsite\admin\New folder\models\Carousel.php
C:\xampp\htdocs\hbwebsite\admin\New folder\models\CarouselList.php
C:\xampp\htdocs\hbwebsite\admin\New folder\models\ContactDetails.php
C:\xampp\htdocs\hbwebsite\admin\New folder\models\ContactDetailsList.php
C:\xampp\htdocs\hbwebsite\admin\New folder\models\Facilities.php
C:\xampp\htdocs\hbwebsite\admin\New folder\models\FacilitiesList.php
C:\xampp\htdocs\hbwebsite\admin\New folder\models\Features.php
C:\xampp\htdocs\hbwebsite\admin\New folder\models\FeaturesList.php
C:\xampp\htdocs\hbwebsite\admin\New folder\models\MainCourseItem.php
C:\xampp\htdocs\hbwebsite\admin\New folder\models\MainCourseItemAdd.php
C:\xampp\htdocs\hbwebsite\admin\New folder\models\MainCourseItemDelete.php
C:\xampp\htdocs\hbwebsite\admin\New folder\models\MainCourseItemEdit.php
C:\xampp\htdocs\hbwebsite\admin\New folder\models\MainCourseItemList.php
C:\xampp\htdocs\hbwebsite\admin\New folder\models\MainCourseItemView.php
C:\xampp\htdocs\hbwebsite\admin\New folder\models\ManagerCred.php
C:\xampp\htdocs\hbwebsite\admin\New folder\models\ManagerCredList.php
C:\xampp\htdocs\hbwebsite\admin\New folder\models\Menu2.php
C:\xampp\htdocs\hbwebsite\admin\New folder\models\Menu2List.php
C:\xampp\htdocs\hbwebsite\admin\New folder\models\RatingReview.php
C:\xampp\htdocs\hbwebsite\admin\New folder\models\RatingReviewList.php
C:\xampp\htdocs\hbwebsite\admin\New folder\models\RoomFacilities.php
C:\xampp\htdocs\hbwebsite\admin\New folder\models\RoomFacilitiesList.php
C:\xampp\htdocs\hbwebsite\admin\New folder\models\RoomFeatures.php
C:\xampp\htdocs\hbwebsite\admin\New folder\models\RoomFeaturesList.php
C:\xampp\htdocs\hbwebsite\admin\New folder\models\RoomImages.php
C:\xampp\htdocs\hbwebsite\admin\New folder\models\RoomImagesList.php
C:\xampp\htdocs\hbwebsite\admin\New folder\models\Rooms.php
C:\xampp\htdocs\hbwebsite\admin\New folder\models\RoomsList.php
C:\xampp\htdocs\hbwebsite\admin\New folder\models\Settings.php
C:\xampp\htdocs\hbwebsite\admin\New folder\models\SettingsList.php
C:\xampp\htdocs\hbwebsite\admin\New folder\models\StarterItem.php
C:\xampp\htdocs\hbwebsite\admin\New folder\models\StarterItemList.php
C:\xampp\htdocs\hbwebsite\admin\New folder\models\SweetItem.php
C:\xampp\htdocs\hbwebsite\admin\New folder\models\SweetItemList.php
C:\xampp\htdocs\hbwebsite\admin\New folder\models\TeamDetails.php
C:\xampp\htdocs\hbwebsite\admin\New folder\models\TeamDetailsList.php
C:\xampp\htdocs\hbwebsite\admin\New folder\models\UserCred.php
C:\xampp\htdocs\hbwebsite\admin\New folder\models\UserCredList.php
C:\xampp\htdocs\hbwebsite\admin\New folder\models\UserQueries.php
C:\xampp\htdocs\hbwebsite\admin\New folder\models\UserQueriesList.php
C:\xampp\htdocs\hbwebsite\admin\New folder\models\View1.php
C:\xampp\htdocs\hbwebsite\admin\New folder\models\View2.php
C:\xampp\htdocs\hbwebsite\admin\New folder\models\View3.php
C:\xampp\htdocs\hbwebsite\admin\New folder\models\View3List.php
C:\xampp\htdocs\hbwebsite\admin\New folder\models\View4.php
C:\xampp\htdocs\hbwebsite\admin\New folder\models\View4List.php
C:\xampp\htdocs\hbwebsite\admin\New folder\models\View5.php
C:\xampp\htdocs\hbwebsite\admin\New folder\models\View5List.php
C:\xampp\htdocs\hbwebsite\admin\New folder\package.json
C:\xampp\htdocs\hbwebsite\admin\New folder\src\AbstractController.php
C:\xampp\htdocs\hbwebsite\admin\New folder\src\AbstractEntity.php
C:\xampp\htdocs\hbwebsite\admin\New folder\src\AbstractExport.php
C:\xampp\htdocs\hbwebsite\admin\New folder\src\AbstractExportBase.php
C:\xampp\htdocs\hbwebsite\admin\New folder\src\AbstractTwoFactorAuthentication.php
C:\xampp\htdocs\hbwebsite\admin\New folder\src\AdvancedFilter.php
C:\xampp\htdocs\hbwebsite\admin\New folder\src\AdvancedSearch.php
C:\xampp\htdocs\hbwebsite\admin\New folder\src\AdvancedSecurity.php
C:\xampp\htdocs\hbwebsite\admin\New folder\src\Allow.php
C:\xampp\htdocs\hbwebsite\admin\New folder\src\ApiActionEvent.php
C:\xampp\htdocs\hbwebsite\admin\New folder\src\ApiPermissionMiddleware.php
C:\xampp\htdocs\hbwebsite\admin\New folder\src\Attributes.php
C:\xampp\htdocs\hbwebsite\admin\New folder\src\Attributes\Delete.php
C:\xampp\htdocs\hbwebsite\admin\New folder\src\Attributes\Get.php
C:\xampp\htdocs\hbwebsite\admin\New folder\src\Attributes\Map.php
C:\xampp\htdocs\hbwebsite\admin\New folder\src\Attributes\Options.php
C:\xampp\htdocs\hbwebsite\admin\New folder\src\Attributes\Patch.php
C:\xampp\htdocs\hbwebsite\admin\New folder\src\Attributes\Post.php
C:\xampp\htdocs\hbwebsite\admin\New folder\src\Attributes\Put.php
C:\xampp\htdocs\hbwebsite\admin\New folder\src\AuditTrailHandler.php
C:\xampp\htdocs\hbwebsite\admin\New folder\src\AzureAD.php
C:\xampp\htdocs\hbwebsite\admin\New folder\src\BasicSearch.php
C:\xampp\htdocs\hbwebsite\admin\New folder\src\Breadcrumb.php
C:\xampp\htdocs\hbwebsite\admin\New folder\src\BytesType.php
C:\xampp\htdocs\hbwebsite\admin\New folder\src\CaptchaBase.php
C:\xampp\htdocs\hbwebsite\admin\New folder\src\CaptchaInterface.php
C:\xampp\htdocs\hbwebsite\admin\New folder\src\ChartExporter.php
C:\xampp\htdocs\hbwebsite\admin\New folder\src\ChartJsRenderer.php
C:\xampp\htdocs\hbwebsite\admin\New folder\src\ChartRendererInterface.php
C:\xampp\htdocs\hbwebsite\admin\New folder\src\ChartTypes.php
C:\xampp\htdocs\hbwebsite\admin\New folder\src\ConfigurationEvent.php
C:\xampp\htdocs\hbwebsite\admin\New folder\src\ContainerBuildEvent.php
C:\xampp\htdocs\hbwebsite\admin\New folder\src\CorsMiddleware.php
C:\xampp\htdocs\hbwebsite\admin\New folder\src\CrosstabColumn.php
C:\xampp\htdocs\hbwebsite\admin\New folder\src\CrosstabTable.php
C:\xampp\htdocs\hbwebsite\admin\New folder\src\CustomUploadHandler.php
C:\xampp\htdocs\hbwebsite\admin\New folder\src\DataType.php
C:\xampp\htdocs\hbwebsite\admin\New folder\src\DatabaseConnectedEvent.php
C:\xampp\htdocs\hbwebsite\admin\New folder\src\DatabaseConnectingEvent.php
C:\xampp\htdocs\hbwebsite\admin\New folder\src\DbChart.php
C:\xampp\htdocs\hbwebsite\admin\New folder\src\DbField.php
C:\xampp\htdocs\hbwebsite\admin\New folder\src\DbTable.php
C:\xampp\htdocs\hbwebsite\admin\New folder\src\DbTableBase.php
C:\xampp\htdocs\hbwebsite\admin\New folder\src\DebugSqlLogger.php
C:\xampp\htdocs\hbwebsite\admin\New folder\src\Email.php
C:\xampp\htdocs\hbwebsite\admin\New folder\src\EmailTwoFactorAuthentication.php
C:\xampp\htdocs\hbwebsite\admin\New folder\src\EntityDescriptor.php
C:\xampp\htdocs\hbwebsite\admin\New folder\src\Entity\AdminCred.php
C:\xampp\htdocs\hbwebsite\admin\New folder\src\Entity\BookedFood.php
C:\xampp\htdocs\hbwebsite\admin\New folder\src\Entity\BookingDetail.php
C:\xampp\htdocs\hbwebsite\admin\New folder\src\Entity\BookingOrder.php
C:\xampp\htdocs\hbwebsite\admin\New folder\src\Entity\Carousel.php
C:\xampp\htdocs\hbwebsite\admin\New folder\src\Entity\ContactDetail.php
C:\xampp\htdocs\hbwebsite\admin\New folder\src\Entity\Facility.php
C:\xampp\htdocs\hbwebsite\admin\New folder\src\Entity\Feature.php
C:\xampp\htdocs\hbwebsite\admin\New folder\src\Entity\MainCourseItem.php
C:\xampp\htdocs\hbwebsite\admin\New folder\src\Entity\ManagerCred.php
C:\xampp\htdocs\hbwebsite\admin\New folder\src\Entity\Menu.php
C:\xampp\htdocs\hbwebsite\admin\New folder\src\Entity\RatingReview.php
C:\xampp\htdocs\hbwebsite\admin\New folder\src\Entity\Room.php
C:\xampp\htdocs\hbwebsite\admin\New folder\src\Entity\RoomFacility.php
C:\xampp\htdocs\hbwebsite\admin\New folder\src\Entity\RoomFeature.php
C:\xampp\htdocs\hbwebsite\admin\New folder\src\Entity\RoomImage.php
C:\xampp\htdocs\hbwebsite\admin\New folder\src\Entity\Setting.php
C:\xampp\htdocs\hbwebsite\admin\New folder\src\Entity\StarterItem.php
C:\xampp\htdocs\hbwebsite\admin\New folder\src\Entity\SweetItem.php
C:\xampp\htdocs\hbwebsite\admin\New folder\src\Entity\TeamDetail.php
C:\xampp\htdocs\hbwebsite\admin\New folder\src\Entity\UserCred.php
C:\xampp\htdocs\hbwebsite\admin\New folder\src\Entity\UserQuery.php
C:\xampp\htdocs\hbwebsite\admin\New folder\src\Entity\View3.php
C:\xampp\htdocs\hbwebsite\admin\New folder\src\Entity\View4.php
C:\xampp\htdocs\hbwebsite\admin\New folder\src\Entity\View5.php
C:\xampp\htdocs\hbwebsite\admin\New folder\src\ExportCsv.php
C:\xampp\htdocs\hbwebsite\admin\New folder\src\ExportEmail.php
C:\xampp\htdocs\hbwebsite\admin\New folder\src\ExportExcel.php
C:\xampp\htdocs\hbwebsite\admin\New folder\src\ExportHandler.php
C:\xampp\htdocs\hbwebsite\admin\New folder\src\ExportHtml.php
C:\xampp\htdocs\hbwebsite\admin\New folder\src\ExportJson.php
C:\xampp\htdocs\hbwebsite\admin\New folder\src\ExportPdf.php
C:\xampp\htdocs\hbwebsite\admin\New folder\src\ExportWord.php
C:\xampp\htdocs\hbwebsite\admin\New folder\src\ExportXml.php
C:\xampp\htdocs\hbwebsite\admin\New folder\src\FileUploadHandler.php
C:\xampp\htdocs\hbwebsite\admin\New folder\src\FileViewer.php
C:\xampp\htdocs\hbwebsite\admin\New folder\src\ForceLogoutUserAction.php
C:\xampp\htdocs\hbwebsite\admin\New folder\src\GeographyType.php
C:\xampp\htdocs\hbwebsite\admin\New folder\src\GeometryType.php
C:\xampp\htdocs\hbwebsite\admin\New folder\src\HierarchyIdType.php
C:\xampp\htdocs\hbwebsite\admin\New folder\src\HttpErrorHandler.php
C:\xampp\htdocs\hbwebsite\admin\New folder\src\HttpForm.php
C:\xampp\htdocs\hbwebsite\admin\New folder\src\HttpServiceUnavailableException.php
C:\xampp\htdocs\hbwebsite\admin\New folder\src\HttpSession.php
C:\xampp\htdocs\hbwebsite\admin\New folder\src\HttpUpload.php
C:\xampp\htdocs\hbwebsite\admin\New folder\src\JwtMiddleware.php
C:\xampp\htdocs\hbwebsite\admin\New folder\src\Language.php
C:\xampp\htdocs\hbwebsite\admin\New folder\src\LanguageLoadEvent.php
C:\xampp\htdocs\hbwebsite\admin\New folder\src\LaravelSessionMiddleware.php
C:\xampp\htdocs\hbwebsite\admin\New folder\src\LdapConn.php
C:\xampp\htdocs\hbwebsite\admin\New folder\src\ListAction.php
C:\xampp\htdocs\hbwebsite\admin\New folder\src\ListActions.php
C:\xampp\htdocs\hbwebsite\admin\New folder\src\ListOption.php
C:\xampp\htdocs\hbwebsite\admin\New folder\src\ListOptions.php
C:\xampp\htdocs\hbwebsite\admin\New folder\src\ListOptionsArray.php
C:\xampp\htdocs\hbwebsite\admin\New folder\src\LoginStatusEvent.php
C:\xampp\htdocs\hbwebsite\admin\New folder\src\Lookup.php
C:\xampp\htdocs\hbwebsite\admin\New folder\src\MaintenanceMiddleware.php
C:\xampp\htdocs\hbwebsite\admin\New folder\src\Menu.php
C:\xampp\htdocs\hbwebsite\admin\New folder\src\MenuItem.php
C:\xampp\htdocs\hbwebsite\admin\New folder\src\MenuItemAddingEvent.php
C:\xampp\htdocs\hbwebsite\admin\New folder\src\MenuRenderedEvent.php
C:\xampp\htdocs\hbwebsite\admin\New folder\src\MenuRenderingEvent.php
C:\xampp\htdocs\hbwebsite\admin\New folder\src\MessagesTrait.php
C:\xampp\htdocs\hbwebsite\admin\New folder\src\NumericPager.php
C:\xampp\htdocs\hbwebsite\admin\New folder\src\OptionValues.php
C:\xampp\htdocs\hbwebsite\admin\New folder\src\PageLoadingEvent.php
C:\xampp\htdocs\hbwebsite\admin\New folder\src\PageRenderingEvent.php
C:\xampp\htdocs\hbwebsite\admin\New folder\src\PageUnloadedEvent.php
C:\xampp\htdocs\hbwebsite\admin\New folder\src\Pager.php
C:\xampp\htdocs\hbwebsite\admin\New folder\src\PagerItem.php
C:\xampp\htdocs\hbwebsite\admin\New folder\src\PasswordHash.php
C:\xampp\htdocs\hbwebsite\admin\New folder\src\PermissionMiddleware.php
C:\xampp\htdocs\hbwebsite\admin\New folder\src\PhpEncryption.php
C:\xampp\htdocs\hbwebsite\admin\New folder\src\PragmaRxTwoFactorAuthentication.php
C:\xampp\htdocs\hbwebsite\admin\New folder\src\PrevNextPager.php
C:\xampp\htdocs\hbwebsite\admin\New folder\src\PushNotification.php
C:\xampp\htdocs\hbwebsite\admin\New folder\src\ReportField.php
C:\xampp\htdocs\hbwebsite\admin\New folder\src\ReportTable.php
C:\xampp\htdocs\hbwebsite\admin\New folder\src\ResendRegisterEmailAction.php
C:\xampp\htdocs\hbwebsite\admin\New folder\src\ResetConcurrentUserAction.php
C:\xampp\htdocs\hbwebsite\admin\New folder\src\ResetLoginRetryAction.php
C:\xampp\htdocs\hbwebsite\admin\New folder\src\ResetUserSecretAction.php
C:\xampp\htdocs\hbwebsite\admin\New folder\src\RouteActionEvent.php
C:\xampp\htdocs\hbwebsite\admin\New folder\src\RouteAttributes.php
C:\xampp\htdocs\hbwebsite\admin\New folder\src\RowSummary.php
C:\xampp\htdocs\hbwebsite\admin\New folder\src\RowTotal.php
C:\xampp\htdocs\hbwebsite\admin\New folder\src\RowType.php
C:\xampp\htdocs\hbwebsite\admin\New folder\src\Saml2.php
C:\xampp\htdocs\hbwebsite\admin\New folder\src\SessionHandler.php
C:\xampp\htdocs\hbwebsite\admin\New folder\src\SetPasswordExpiredAction.php
C:\xampp\htdocs\hbwebsite\admin\New folder\src\Sms.php
C:\xampp\htdocs\hbwebsite\admin\New folder\src\SmsTwoFactorAuthentication.php
C:\xampp\htdocs\hbwebsite\admin\New folder\src\SsoStateSessionStore.php
C:\xampp\htdocs\hbwebsite\admin\New folder\src\SubPage.php
C:\xampp\htdocs\hbwebsite\admin\New folder\src\SubPages.php
C:\xampp\htdocs\hbwebsite\admin\New folder\src\SummaryField.php
C:\xampp\htdocs\hbwebsite\admin\New folder\src\Timer.php
C:\xampp\htdocs\hbwebsite\admin\New folder\src\TwoFactorAuthenticationInterface.php
C:\xampp\htdocs\hbwebsite\admin\New folder\src\UploadHandler.php
C:\xampp\htdocs\hbwebsite\admin\New folder\src\UserProfile.php
C:\xampp\htdocs\hbwebsite\admin\New folder\src\XmlDocument.php
C:\xampp\htdocs\hbwebsite\admin\New folder\src\apiroutes.php
C:\xampp\htdocs\hbwebsite\admin\New folder\src\config.development.php
C:\xampp\htdocs\hbwebsite\admin\New folder\src\config.php
C:\xampp\htdocs\hbwebsite\admin\New folder\src\config.production.php
C:\xampp\htdocs\hbwebsite\admin\New folder\src\constants.php
C:\xampp\htdocs\hbwebsite\admin\New folder\src\definitions.php
C:\xampp\htdocs\hbwebsite\admin\New folder\src\phpfn.php
C:\xampp\htdocs\hbwebsite\admin\New folder\src\routes.php
C:\xampp\htdocs\hbwebsite\admin\New folder\src\userfn.php
C:\xampp\htdocs\hbwebsite\admin\New folder\src\userlevelsettings.php
C:\xampp\htdocs\hbwebsite\admin\New folder\views\AdminCredAdd.php
C:\xampp\htdocs\hbwebsite\admin\New folder\views\AdminCredDelete.php
C:\xampp\htdocs\hbwebsite\admin\New folder\views\AdminCredEdit.php
C:\xampp\htdocs\hbwebsite\admin\New folder\views\AdminCredList.php
C:\xampp\htdocs\hbwebsite\admin\New folder\views\AdminCredView.php
C:\xampp\htdocs\hbwebsite\admin\New folder\views\BookedFoodList.php
C:\xampp\htdocs\hbwebsite\admin\New folder\views\BookingDetailsList.php
C:\xampp\htdocs\hbwebsite\admin\New folder\views\BookingOrderList.php
C:\xampp\htdocs\hbwebsite\admin\New folder\views\CarouselList.php
C:\xampp\htdocs\hbwebsite\admin\New folder\views\ContactDetailsList.php
C:\xampp\htdocs\hbwebsite\admin\New folder\views\Error.php
C:\xampp\htdocs\hbwebsite\admin\New folder\views\FacilitiesList.php
C:\xampp\htdocs\hbwebsite\admin\New folder\views\FeaturesList.php
C:\xampp\htdocs\hbwebsite\admin\New folder\views\MainCourseItemAdd.php
C:\xampp\htdocs\hbwebsite\admin\New folder\views\MainCourseItemDelete.php
C:\xampp\htdocs\hbwebsite\admin\New folder\views\MainCourseItemEdit.php
C:\xampp\htdocs\hbwebsite\admin\New folder\views\MainCourseItemList.php
C:\xampp\htdocs\hbwebsite\admin\New folder\views\MainCourseItemView.php
C:\xampp\htdocs\hbwebsite\admin\New folder\views\ManagerCredList.php
C:\xampp\htdocs\hbwebsite\admin\New folder\views\Menu2List.php
C:\xampp\htdocs\hbwebsite\admin\New folder\views\RatingReviewList.php
C:\xampp\htdocs\hbwebsite\admin\New folder\views\RoomFacilitiesList.php
C:\xampp\htdocs\hbwebsite\admin\New folder\views\RoomFeaturesList.php
C:\xampp\htdocs\hbwebsite\admin\New folder\views\RoomImagesList.php
C:\xampp\htdocs\hbwebsite\admin\New folder\views\RoomsList.php
C:\xampp\htdocs\hbwebsite\admin\New folder\views\SettingsList.php
C:\xampp\htdocs\hbwebsite\admin\New folder\views\StarterItemList.php
C:\xampp\htdocs\hbwebsite\admin\New folder\views\SweetItemList.php
C:\xampp\htdocs\hbwebsite\admin\New folder\views\TeamDetailsList.php
C:\xampp\htdocs\hbwebsite\admin\New folder\views\UserCredList.php
C:\xampp\htdocs\hbwebsite\admin\New folder\views\UserQueriesList.php
C:\xampp\htdocs\hbwebsite\admin\New folder\views\View3List.php
C:\xampp\htdocs\hbwebsite\admin\New folder\views\View4List.php
C:\xampp\htdocs\hbwebsite\admin\New folder\views\View5List.php
C:\xampp\htdocs\hbwebsite\admin\New folder\views\email.php
C:\xampp\htdocs\hbwebsite\admin\New folder\views\layout.php
C:\xampp\htdocs\hbwebsite\admin\New folder\views\menu.php
C:\xampp\htdocs\hbwebsite\admin\New folder\views\swagger.php
C:\xampp\htdocs\hbwebsite\admin\New folder\web.config