C:\xampp\htdocs\hbwebsite\admin\UserReport\.htaccess
C:\xampp\htdocs\hbwebsite\admin\UserReport\api\.htaccess
C:\xampp\htdocs\hbwebsite\admin\UserReport\api\index.php
C:\xampp\htdocs\hbwebsite\admin\UserReport\composer.json
C:\xampp\htdocs\hbwebsite\admin\UserReport\controllers\ApiController.php
C:\xampp\htdocs\hbwebsite\admin\UserReport\controllers\ControllerBase.php
C:\xampp\htdocs\hbwebsite\admin\UserReport\controllers\OthersController.php
C:\xampp\htdocs\hbwebsite\admin\UserReport\controllers\View2Controller.php
C:\xampp\htdocs\hbwebsite\admin\UserReport\css\ewpdf.scss
C:\xampp\htdocs\hbwebsite\admin\UserReport\css\project3.scss
C:\xampp\htdocs\hbwebsite\admin\UserReport\css\query-builder.scss
C:\xampp\htdocs\hbwebsite\admin\UserReport\css\tabulator_bootstrap5.scss
C:\xampp\htdocs\hbwebsite\admin\UserReport\css\tempus-dominus.scss
C:\xampp\htdocs\hbwebsite\admin\UserReport\files\index.html
C:\xampp\htdocs\hbwebsite\admin\UserReport\index.php
C:\xampp\htdocs\hbwebsite\admin\UserReport\js\eweditor.js
C:\xampp\htdocs\hbwebsite\admin\UserReport\js\userevent.js
C:\xampp\htdocs\hbwebsite\admin\UserReport\js\userfn.js
C:\xampp\htdocs\hbwebsite\admin\UserReport\log\index.html
C:\xampp\htdocs\hbwebsite\admin\UserReport\models\AdminCred.php
C:\xampp\htdocs\hbwebsite\admin\UserReport\models\BookedFood.php
C:\xampp\htdocs\hbwebsite\admin\UserReport\models\BookingDetails.php
C:\xampp\htdocs\hbwebsite\admin\UserReport\models\BookingOrder.php
C:\xampp\htdocs\hbwebsite\admin\UserReport\models\BookingRecords.php
C:\xampp\htdocs\hbwebsite\admin\UserReport\models\BookingReport.php
C:\xampp\htdocs\hbwebsite\admin\UserReport\models\BookingorderReport.php
C:\xampp\htdocs\hbwebsite\admin\UserReport\models\Carousel.php
C:\xampp\htdocs\hbwebsite\admin\UserReport\models\ContactDetails.php
C:\xampp\htdocs\hbwebsite\admin\UserReport\models\Facilities.php
C:\xampp\htdocs\hbwebsite\admin\UserReport\models\Features.php
C:\xampp\htdocs\hbwebsite\admin\UserReport\models\MainCourseItem.php
C:\xampp\htdocs\hbwebsite\admin\UserReport\models\ManagerCred.php
C:\xampp\htdocs\hbwebsite\admin\UserReport\models\Menu2.php
C:\xampp\htdocs\hbwebsite\admin\UserReport\models\RatingReview.php
C:\xampp\htdocs\hbwebsite\admin\UserReport\models\RoomFacilities.php
C:\xampp\htdocs\hbwebsite\admin\UserReport\models\RoomFeatures.php
C:\xampp\htdocs\hbwebsite\admin\UserReport\models\RoomImages.php
C:\xampp\htdocs\hbwebsite\admin\UserReport\models\Rooms.php
C:\xampp\htdocs\hbwebsite\admin\UserReport\models\Settings.php
C:\xampp\htdocs\hbwebsite\admin\UserReport\models\StarterItem.php
C:\xampp\htdocs\hbwebsite\admin\UserReport\models\SweetItem.php
C:\xampp\htdocs\hbwebsite\admin\UserReport\models\TeamDetails.php
C:\xampp\htdocs\hbwebsite\admin\UserReport\models\UserCred.php
C:\xampp\htdocs\hbwebsite\admin\UserReport\models\UserQueries.php
C:\xampp\htdocs\hbwebsite\admin\UserReport\models\View1.php
C:\xampp\htdocs\hbwebsite\admin\UserReport\models\View2.php
C:\xampp\htdocs\hbwebsite\admin\UserReport\models\View2List.php
C:\xampp\htdocs\hbwebsite\admin\UserReport\package.json
C:\xampp\htdocs\hbwebsite\admin\UserReport\src\AbstractController.php
C:\xampp\htdocs\hbwebsite\admin\UserReport\src\AbstractEntity.php
C:\xampp\htdocs\hbwebsite\admin\UserReport\src\AbstractExport.php
C:\xampp\htdocs\hbwebsite\admin\UserReport\src\AbstractExportBase.php
C:\xampp\htdocs\hbwebsite\admin\UserReport\src\AbstractTwoFactorAuthentication.php
C:\xampp\htdocs\hbwebsite\admin\UserReport\src\AdvancedFilter.php
C:\xampp\htdocs\hbwebsite\admin\UserReport\src\AdvancedSearch.php
C:\xampp\htdocs\hbwebsite\admin\UserReport\src\AdvancedSecurity.php
C:\xampp\htdocs\hbwebsite\admin\UserReport\src\Allow.php
C:\xampp\htdocs\hbwebsite\admin\UserReport\src\ApiActionEvent.php
C:\xampp\htdocs\hbwebsite\admin\UserReport\src\ApiPermissionMiddleware.php
C:\xampp\htdocs\hbwebsite\admin\UserReport\src\Attributes.php
C:\xampp\htdocs\hbwebsite\admin\UserReport\src\Attributes\Delete.php
C:\xampp\htdocs\hbwebsite\admin\UserReport\src\Attributes\Get.php
C:\xampp\htdocs\hbwebsite\admin\UserReport\src\Attributes\Map.php
C:\xampp\htdocs\hbwebsite\admin\UserReport\src\Attributes\Options.php
C:\xampp\htdocs\hbwebsite\admin\UserReport\src\Attributes\Patch.php
C:\xampp\htdocs\hbwebsite\admin\UserReport\src\Attributes\Post.php
C:\xampp\htdocs\hbwebsite\admin\UserReport\src\Attributes\Put.php
C:\xampp\htdocs\hbwebsite\admin\UserReport\src\AuditTrailHandler.php
C:\xampp\htdocs\hbwebsite\admin\UserReport\src\AzureAD.php
C:\xampp\htdocs\hbwebsite\admin\UserReport\src\BasicSearch.php
C:\xampp\htdocs\hbwebsite\admin\UserReport\src\Breadcrumb.php
C:\xampp\htdocs\hbwebsite\admin\UserReport\src\BytesType.php
C:\xampp\htdocs\hbwebsite\admin\UserReport\src\CaptchaBase.php
C:\xampp\htdocs\hbwebsite\admin\UserReport\src\CaptchaInterface.php
C:\xampp\htdocs\hbwebsite\admin\UserReport\src\ChartExporter.php
C:\xampp\htdocs\hbwebsite\admin\UserReport\src\ChartJsRenderer.php
C:\xampp\htdocs\hbwebsite\admin\UserReport\src\ChartRendererInterface.php
C:\xampp\htdocs\hbwebsite\admin\UserReport\src\ChartTypes.php
C:\xampp\htdocs\hbwebsite\admin\UserReport\src\ConfigurationEvent.php
C:\xampp\htdocs\hbwebsite\admin\UserReport\src\ContainerBuildEvent.php
C:\xampp\htdocs\hbwebsite\admin\UserReport\src\CorsMiddleware.php
C:\xampp\htdocs\hbwebsite\admin\UserReport\src\CrosstabColumn.php
C:\xampp\htdocs\hbwebsite\admin\UserReport\src\CrosstabTable.php
C:\xampp\htdocs\hbwebsite\admin\UserReport\src\CustomUploadHandler.php
C:\xampp\htdocs\hbwebsite\admin\UserReport\src\DataType.php
C:\xampp\htdocs\hbwebsite\admin\UserReport\src\DatabaseConnectedEvent.php
C:\xampp\htdocs\hbwebsite\admin\UserReport\src\DatabaseConnectingEvent.php
C:\xampp\htdocs\hbwebsite\admin\UserReport\src\DbChart.php
C:\xampp\htdocs\hbwebsite\admin\UserReport\src\DbField.php
C:\xampp\htdocs\hbwebsite\admin\UserReport\src\DbTable.php
C:\xampp\htdocs\hbwebsite\admin\UserReport\src\DbTableBase.php
C:\xampp\htdocs\hbwebsite\admin\UserReport\src\DebugSqlLogger.php
C:\xampp\htdocs\hbwebsite\admin\UserReport\src\Email.php
C:\xampp\htdocs\hbwebsite\admin\UserReport\src\EmailTwoFactorAuthentication.php
C:\xampp\htdocs\hbwebsite\admin\UserReport\src\EntityDescriptor.php
C:\xampp\htdocs\hbwebsite\admin\UserReport\src\Entity\View2.php
C:\xampp\htdocs\hbwebsite\admin\UserReport\src\ExportCsv.php
C:\xampp\htdocs\hbwebsite\admin\UserReport\src\ExportEmail.php
C:\xampp\htdocs\hbwebsite\admin\UserReport\src\ExportExcel.php
C:\xampp\htdocs\hbwebsite\admin\UserReport\src\ExportHandler.php
C:\xampp\htdocs\hbwebsite\admin\UserReport\src\ExportHtml.php
C:\xampp\htdocs\hbwebsite\admin\UserReport\src\ExportJson.php
C:\xampp\htdocs\hbwebsite\admin\UserReport\src\ExportPdf.php
C:\xampp\htdocs\hbwebsite\admin\UserReport\src\ExportWord.php
C:\xampp\htdocs\hbwebsite\admin\UserReport\src\ExportXml.php
C:\xampp\htdocs\hbwebsite\admin\UserReport\src\FileUploadHandler.php
C:\xampp\htdocs\hbwebsite\admin\UserReport\src\FileViewer.php
C:\xampp\htdocs\hbwebsite\admin\UserReport\src\ForceLogoutUserAction.php
C:\xampp\htdocs\hbwebsite\admin\UserReport\src\GeographyType.php
C:\xampp\htdocs\hbwebsite\admin\UserReport\src\GeometryType.php
C:\xampp\htdocs\hbwebsite\admin\UserReport\src\HierarchyIdType.php
C:\xampp\htdocs\hbwebsite\admin\UserReport\src\HttpErrorHandler.php
C:\xampp\htdocs\hbwebsite\admin\UserReport\src\HttpForm.php
C:\xampp\htdocs\hbwebsite\admin\UserReport\src\HttpServiceUnavailableException.php
C:\xampp\htdocs\hbwebsite\admin\UserReport\src\HttpSession.php
C:\xampp\htdocs\hbwebsite\admin\UserReport\src\HttpUpload.php
C:\xampp\htdocs\hbwebsite\admin\UserReport\src\JwtMiddleware.php
C:\xampp\htdocs\hbwebsite\admin\UserReport\src\Language.php
C:\xampp\htdocs\hbwebsite\admin\UserReport\src\LanguageLoadEvent.php
C:\xampp\htdocs\hbwebsite\admin\UserReport\src\LaravelSessionMiddleware.php
C:\xampp\htdocs\hbwebsite\admin\UserReport\src\LdapConn.php
C:\xampp\htdocs\hbwebsite\admin\UserReport\src\ListAction.php
C:\xampp\htdocs\hbwebsite\admin\UserReport\src\ListActions.php
C:\xampp\htdocs\hbwebsite\admin\UserReport\src\ListOption.php
C:\xampp\htdocs\hbwebsite\admin\UserReport\src\ListOptions.php
C:\xampp\htdocs\hbwebsite\admin\UserReport\src\ListOptionsArray.php
C:\xampp\htdocs\hbwebsite\admin\UserReport\src\LoginStatusEvent.php
C:\xampp\htdocs\hbwebsite\admin\UserReport\src\Lookup.php
C:\xampp\htdocs\hbwebsite\admin\UserReport\src\MaintenanceMiddleware.php
C:\xampp\htdocs\hbwebsite\admin\UserReport\src\Menu.php
C:\xampp\htdocs\hbwebsite\admin\UserReport\src\MenuItem.php
C:\xampp\htdocs\hbwebsite\admin\UserReport\src\MenuItemAddingEvent.php
C:\xampp\htdocs\hbwebsite\admin\UserReport\src\MenuRenderedEvent.php
C:\xampp\htdocs\hbwebsite\admin\UserReport\src\MenuRenderingEvent.php
C:\xampp\htdocs\hbwebsite\admin\UserReport\src\MessagesTrait.php
C:\xampp\htdocs\hbwebsite\admin\UserReport\src\NumericPager.php
C:\xampp\htdocs\hbwebsite\admin\UserReport\src\OptionValues.php
C:\xampp\htdocs\hbwebsite\admin\UserReport\src\PageLoadingEvent.php
C:\xampp\htdocs\hbwebsite\admin\UserReport\src\PageRenderingEvent.php
C:\xampp\htdocs\hbwebsite\admin\UserReport\src\PageUnloadedEvent.php
C:\xampp\htdocs\hbwebsite\admin\UserReport\src\Pager.php
C:\xampp\htdocs\hbwebsite\admin\UserReport\src\PagerItem.php
C:\xampp\htdocs\hbwebsite\admin\UserReport\src\PasswordHash.php
C:\xampp\htdocs\hbwebsite\admin\UserReport\src\PermissionMiddleware.php
C:\xampp\htdocs\hbwebsite\admin\UserReport\src\PhpEncryption.php
C:\xampp\htdocs\hbwebsite\admin\UserReport\src\PragmaRxTwoFactorAuthentication.php
C:\xampp\htdocs\hbwebsite\admin\UserReport\src\PrevNextPager.php
C:\xampp\htdocs\hbwebsite\admin\UserReport\src\PushNotification.php
C:\xampp\htdocs\hbwebsite\admin\UserReport\src\ReportField.php
C:\xampp\htdocs\hbwebsite\admin\UserReport\src\ReportTable.php
C:\xampp\htdocs\hbwebsite\admin\UserReport\src\ResendRegisterEmailAction.php
C:\xampp\htdocs\hbwebsite\admin\UserReport\src\ResetConcurrentUserAction.php
C:\xampp\htdocs\hbwebsite\admin\UserReport\src\ResetLoginRetryAction.php
C:\xampp\htdocs\hbwebsite\admin\UserReport\src\ResetUserSecretAction.php
C:\xampp\htdocs\hbwebsite\admin\UserReport\src\RouteActionEvent.php
C:\xampp\htdocs\hbwebsite\admin\UserReport\src\RouteAttributes.php
C:\xampp\htdocs\hbwebsite\admin\UserReport\src\RowSummary.php
C:\xampp\htdocs\hbwebsite\admin\UserReport\src\RowTotal.php
C:\xampp\htdocs\hbwebsite\admin\UserReport\src\RowType.php
C:\xampp\htdocs\hbwebsite\admin\UserReport\src\Saml2.php
C:\xampp\htdocs\hbwebsite\admin\UserReport\src\SessionHandler.php
C:\xampp\htdocs\hbwebsite\admin\UserReport\src\SetPasswordExpiredAction.php
C:\xampp\htdocs\hbwebsite\admin\UserReport\src\Sms.php
C:\xampp\htdocs\hbwebsite\admin\UserReport\src\SmsTwoFactorAuthentication.php
C:\xampp\htdocs\hbwebsite\admin\UserReport\src\SsoStateSessionStore.php
C:\xampp\htdocs\hbwebsite\admin\UserReport\src\SubPage.php
C:\xampp\htdocs\hbwebsite\admin\UserReport\src\SubPages.php
C:\xampp\htdocs\hbwebsite\admin\UserReport\src\SummaryField.php
C:\xampp\htdocs\hbwebsite\admin\UserReport\src\Timer.php
C:\xampp\htdocs\hbwebsite\admin\UserReport\src\TwoFactorAuthenticationInterface.php
C:\xampp\htdocs\hbwebsite\admin\UserReport\src\UploadHandler.php
C:\xampp\htdocs\hbwebsite\admin\UserReport\src\UserProfile.php
C:\xampp\htdocs\hbwebsite\admin\UserReport\src\XmlDocument.php
C:\xampp\htdocs\hbwebsite\admin\UserReport\src\apiroutes.php
C:\xampp\htdocs\hbwebsite\admin\UserReport\src\config.development.php
C:\xampp\htdocs\hbwebsite\admin\UserReport\src\config.php
C:\xampp\htdocs\hbwebsite\admin\UserReport\src\config.production.php
C:\xampp\htdocs\hbwebsite\admin\UserReport\src\constants.php
C:\xampp\htdocs\hbwebsite\admin\UserReport\src\definitions.php
C:\xampp\htdocs\hbwebsite\admin\UserReport\src\phpfn.php
C:\xampp\htdocs\hbwebsite\admin\UserReport\src\routes.php
C:\xampp\htdocs\hbwebsite\admin\UserReport\src\userfn.php
C:\xampp\htdocs\hbwebsite\admin\UserReport\src\userlevelsettings.php
C:\xampp\htdocs\hbwebsite\admin\UserReport\views\Error.php
C:\xampp\htdocs\hbwebsite\admin\UserReport\views\View2List.php
C:\xampp\htdocs\hbwebsite\admin\UserReport\views\email.php
C:\xampp\htdocs\hbwebsite\admin\UserReport\views\layout.php
C:\xampp\htdocs\hbwebsite\admin\UserReport\views\menu.php
C:\xampp\htdocs\hbwebsite\admin\UserReport\views\swagger.php
C:\xampp\htdocs\hbwebsite\admin\UserReport\web.config