C:\xampp\htdocs\hbwebsite\demoreport\.htaccess
C:\xampp\htdocs\hbwebsite\demoreport\api\.htaccess
C:\xampp\htdocs\hbwebsite\demoreport\api\index.php
C:\xampp\htdocs\hbwebsite\demoreport\composer.json
C:\xampp\htdocs\hbwebsite\demoreport\controllers\ApiController.php
C:\xampp\htdocs\hbwebsite\demoreport\controllers\BookingOrderController.php
C:\xampp\htdocs\hbwebsite\demoreport\controllers\ControllerBase.php
C:\xampp\htdocs\hbwebsite\demoreport\controllers\OthersController.php
C:\xampp\htdocs\hbwebsite\demoreport\controllers\RoomsController.php
C:\xampp\htdocs\hbwebsite\demoreport\controllers\View1Controller.php
C:\xampp\htdocs\hbwebsite\demoreport\css\ewpdf.scss
C:\xampp\htdocs\hbwebsite\demoreport\css\project1.scss
C:\xampp\htdocs\hbwebsite\demoreport\css\query-builder.scss
C:\xampp\htdocs\hbwebsite\demoreport\css\tabulator_bootstrap5.scss
C:\xampp\htdocs\hbwebsite\demoreport\css\tempus-dominus.scss
C:\xampp\htdocs\hbwebsite\demoreport\files\index.html
C:\xampp\htdocs\hbwebsite\demoreport\index.php
C:\xampp\htdocs\hbwebsite\demoreport\js\eweditor.js
C:\xampp\htdocs\hbwebsite\demoreport\js\userevent.js
C:\xampp\htdocs\hbwebsite\demoreport\js\userfn.js
C:\xampp\htdocs\hbwebsite\demoreport\log\index.html
C:\xampp\htdocs\hbwebsite\demoreport\models\AdminCred.php
C:\xampp\htdocs\hbwebsite\demoreport\models\BookedFood.php
C:\xampp\htdocs\hbwebsite\demoreport\models\BookingDetails.php
C:\xampp\htdocs\hbwebsite\demoreport\models\BookingOrder.php
C:\xampp\htdocs\hbwebsite\demoreport\models\BookingOrderList.php
C:\xampp\htdocs\hbwebsite\demoreport\models\BookingReport.php
C:\xampp\htdocs\hbwebsite\demoreport\models\BookingorderReport.php
C:\xampp\htdocs\hbwebsite\demoreport\models\Carousel.php
C:\xampp\htdocs\hbwebsite\demoreport\models\ContactDetails.php
C:\xampp\htdocs\hbwebsite\demoreport\models\Facilities.php
C:\xampp\htdocs\hbwebsite\demoreport\models\Features.php
C:\xampp\htdocs\hbwebsite\demoreport\models\MainCourseItem.php
C:\xampp\htdocs\hbwebsite\demoreport\models\ManagerCred.php
C:\xampp\htdocs\hbwebsite\demoreport\models\Menu2.php
C:\xampp\htdocs\hbwebsite\demoreport\models\RatingReview.php
C:\xampp\htdocs\hbwebsite\demoreport\models\RoomFacilities.php
C:\xampp\htdocs\hbwebsite\demoreport\models\RoomFeatures.php
C:\xampp\htdocs\hbwebsite\demoreport\models\RoomImages.php
C:\xampp\htdocs\hbwebsite\demoreport\models\Rooms.php
C:\xampp\htdocs\hbwebsite\demoreport\models\RoomsList.php
C:\xampp\htdocs\hbwebsite\demoreport\models\Settings.php
C:\xampp\htdocs\hbwebsite\demoreport\models\StarterItem.php
C:\xampp\htdocs\hbwebsite\demoreport\models\SweetItem.php
C:\xampp\htdocs\hbwebsite\demoreport\models\TeamDetails.php
C:\xampp\htdocs\hbwebsite\demoreport\models\UserCred.php
C:\xampp\htdocs\hbwebsite\demoreport\models\UserQueries.php
C:\xampp\htdocs\hbwebsite\demoreport\models\View1.php
C:\xampp\htdocs\hbwebsite\demoreport\models\View1List.php
C:\xampp\htdocs\hbwebsite\demoreport\package.json
C:\xampp\htdocs\hbwebsite\demoreport\src\AbstractController.php
C:\xampp\htdocs\hbwebsite\demoreport\src\AbstractEntity.php
C:\xampp\htdocs\hbwebsite\demoreport\src\AbstractExport.php
C:\xampp\htdocs\hbwebsite\demoreport\src\AbstractExportBase.php
C:\xampp\htdocs\hbwebsite\demoreport\src\AbstractTwoFactorAuthentication.php
C:\xampp\htdocs\hbwebsite\demoreport\src\AdvancedFilter.php
C:\xampp\htdocs\hbwebsite\demoreport\src\AdvancedSearch.php
C:\xampp\htdocs\hbwebsite\demoreport\src\AdvancedSecurity.php
C:\xampp\htdocs\hbwebsite\demoreport\src\Allow.php
C:\xampp\htdocs\hbwebsite\demoreport\src\ApiActionEvent.php
C:\xampp\htdocs\hbwebsite\demoreport\src\ApiPermissionMiddleware.php
C:\xampp\htdocs\hbwebsite\demoreport\src\Attributes.php
C:\xampp\htdocs\hbwebsite\demoreport\src\Attributes\Delete.php
C:\xampp\htdocs\hbwebsite\demoreport\src\Attributes\Get.php
C:\xampp\htdocs\hbwebsite\demoreport\src\Attributes\Map.php
C:\xampp\htdocs\hbwebsite\demoreport\src\Attributes\Options.php
C:\xampp\htdocs\hbwebsite\demoreport\src\Attributes\Patch.php
C:\xampp\htdocs\hbwebsite\demoreport\src\Attributes\Post.php
C:\xampp\htdocs\hbwebsite\demoreport\src\Attributes\Put.php
C:\xampp\htdocs\hbwebsite\demoreport\src\AuditTrailHandler.php
C:\xampp\htdocs\hbwebsite\demoreport\src\AzureAD.php
C:\xampp\htdocs\hbwebsite\demoreport\src\BasicSearch.php
C:\xampp\htdocs\hbwebsite\demoreport\src\Breadcrumb.php
C:\xampp\htdocs\hbwebsite\demoreport\src\BytesType.php
C:\xampp\htdocs\hbwebsite\demoreport\src\CaptchaBase.php
C:\xampp\htdocs\hbwebsite\demoreport\src\CaptchaInterface.php
C:\xampp\htdocs\hbwebsite\demoreport\src\ChartExporter.php
C:\xampp\htdocs\hbwebsite\demoreport\src\ChartJsRenderer.php
C:\xampp\htdocs\hbwebsite\demoreport\src\ChartRendererInterface.php
C:\xampp\htdocs\hbwebsite\demoreport\src\ChartTypes.php
C:\xampp\htdocs\hbwebsite\demoreport\src\ConfigurationEvent.php
C:\xampp\htdocs\hbwebsite\demoreport\src\ContainerBuildEvent.php
C:\xampp\htdocs\hbwebsite\demoreport\src\CorsMiddleware.php
C:\xampp\htdocs\hbwebsite\demoreport\src\CrosstabColumn.php
C:\xampp\htdocs\hbwebsite\demoreport\src\CrosstabTable.php
C:\xampp\htdocs\hbwebsite\demoreport\src\CustomUploadHandler.php
C:\xampp\htdocs\hbwebsite\demoreport\src\DataType.php
C:\xampp\htdocs\hbwebsite\demoreport\src\DatabaseConnectedEvent.php
C:\xampp\htdocs\hbwebsite\demoreport\src\DatabaseConnectingEvent.php
C:\xampp\htdocs\hbwebsite\demoreport\src\DbChart.php
C:\xampp\htdocs\hbwebsite\demoreport\src\DbField.php
C:\xampp\htdocs\hbwebsite\demoreport\src\DbTable.php
C:\xampp\htdocs\hbwebsite\demoreport\src\DbTableBase.php
C:\xampp\htdocs\hbwebsite\demoreport\src\DebugSqlLogger.php
C:\xampp\htdocs\hbwebsite\demoreport\src\Email.php
C:\xampp\htdocs\hbwebsite\demoreport\src\EmailTwoFactorAuthentication.php
C:\xampp\htdocs\hbwebsite\demoreport\src\EntityDescriptor.php
C:\xampp\htdocs\hbwebsite\demoreport\src\Entity\BookingOrder.php
C:\xampp\htdocs\hbwebsite\demoreport\src\Entity\Room.php
C:\xampp\htdocs\hbwebsite\demoreport\src\Entity\View1.php
C:\xampp\htdocs\hbwebsite\demoreport\src\ExportCsv.php
C:\xampp\htdocs\hbwebsite\demoreport\src\ExportEmail.php
C:\xampp\htdocs\hbwebsite\demoreport\src\ExportExcel.php
C:\xampp\htdocs\hbwebsite\demoreport\src\ExportHandler.php
C:\xampp\htdocs\hbwebsite\demoreport\src\ExportHtml.php
C:\xampp\htdocs\hbwebsite\demoreport\src\ExportJson.php
C:\xampp\htdocs\hbwebsite\demoreport\src\ExportPdf.php
C:\xampp\htdocs\hbwebsite\demoreport\src\ExportWord.php
C:\xampp\htdocs\hbwebsite\demoreport\src\ExportXml.php
C:\xampp\htdocs\hbwebsite\demoreport\src\FileUploadHandler.php
C:\xampp\htdocs\hbwebsite\demoreport\src\FileViewer.php
C:\xampp\htdocs\hbwebsite\demoreport\src\ForceLogoutUserAction.php
C:\xampp\htdocs\hbwebsite\demoreport\src\GeographyType.php
C:\xampp\htdocs\hbwebsite\demoreport\src\GeometryType.php
C:\xampp\htdocs\hbwebsite\demoreport\src\HierarchyIdType.php
C:\xampp\htdocs\hbwebsite\demoreport\src\HttpErrorHandler.php
C:\xampp\htdocs\hbwebsite\demoreport\src\HttpForm.php
C:\xampp\htdocs\hbwebsite\demoreport\src\HttpServiceUnavailableException.php
C:\xampp\htdocs\hbwebsite\demoreport\src\HttpSession.php
C:\xampp\htdocs\hbwebsite\demoreport\src\HttpUpload.php
C:\xampp\htdocs\hbwebsite\demoreport\src\JwtMiddleware.php
C:\xampp\htdocs\hbwebsite\demoreport\src\Language.php
C:\xampp\htdocs\hbwebsite\demoreport\src\LanguageLoadEvent.php
C:\xampp\htdocs\hbwebsite\demoreport\src\LaravelSessionMiddleware.php
C:\xampp\htdocs\hbwebsite\demoreport\src\LdapConn.php
C:\xampp\htdocs\hbwebsite\demoreport\src\ListAction.php
C:\xampp\htdocs\hbwebsite\demoreport\src\ListActions.php
C:\xampp\htdocs\hbwebsite\demoreport\src\ListOption.php
C:\xampp\htdocs\hbwebsite\demoreport\src\ListOptions.php
C:\xampp\htdocs\hbwebsite\demoreport\src\ListOptionsArray.php
C:\xampp\htdocs\hbwebsite\demoreport\src\LoginStatusEvent.php
C:\xampp\htdocs\hbwebsite\demoreport\src\Lookup.php
C:\xampp\htdocs\hbwebsite\demoreport\src\MaintenanceMiddleware.php
C:\xampp\htdocs\hbwebsite\demoreport\src\Menu.php
C:\xampp\htdocs\hbwebsite\demoreport\src\MenuItem.php
C:\xampp\htdocs\hbwebsite\demoreport\src\MenuItemAddingEvent.php
C:\xampp\htdocs\hbwebsite\demoreport\src\MenuRenderedEvent.php
C:\xampp\htdocs\hbwebsite\demoreport\src\MenuRenderingEvent.php
C:\xampp\htdocs\hbwebsite\demoreport\src\MessagesTrait.php
C:\xampp\htdocs\hbwebsite\demoreport\src\NumericPager.php
C:\xampp\htdocs\hbwebsite\demoreport\src\OptionValues.php
C:\xampp\htdocs\hbwebsite\demoreport\src\PageLoadingEvent.php
C:\xampp\htdocs\hbwebsite\demoreport\src\PageRenderingEvent.php
C:\xampp\htdocs\hbwebsite\demoreport\src\PageUnloadedEvent.php
C:\xampp\htdocs\hbwebsite\demoreport\src\Pager.php
C:\xampp\htdocs\hbwebsite\demoreport\src\PagerItem.php
C:\xampp\htdocs\hbwebsite\demoreport\src\PasswordHash.php
C:\xampp\htdocs\hbwebsite\demoreport\src\PermissionMiddleware.php
C:\xampp\htdocs\hbwebsite\demoreport\src\PhpEncryption.php
C:\xampp\htdocs\hbwebsite\demoreport\src\PragmaRxTwoFactorAuthentication.php
C:\xampp\htdocs\hbwebsite\demoreport\src\PrevNextPager.php
C:\xampp\htdocs\hbwebsite\demoreport\src\PushNotification.php
C:\xampp\htdocs\hbwebsite\demoreport\src\ReportField.php
C:\xampp\htdocs\hbwebsite\demoreport\src\ReportTable.php
C:\xampp\htdocs\hbwebsite\demoreport\src\ResendRegisterEmailAction.php
C:\xampp\htdocs\hbwebsite\demoreport\src\ResetConcurrentUserAction.php
C:\xampp\htdocs\hbwebsite\demoreport\src\ResetLoginRetryAction.php
C:\xampp\htdocs\hbwebsite\demoreport\src\ResetUserSecretAction.php
C:\xampp\htdocs\hbwebsite\demoreport\src\RouteActionEvent.php
C:\xampp\htdocs\hbwebsite\demoreport\src\RouteAttributes.php
C:\xampp\htdocs\hbwebsite\demoreport\src\RowSummary.php
C:\xampp\htdocs\hbwebsite\demoreport\src\RowTotal.php
C:\xampp\htdocs\hbwebsite\demoreport\src\RowType.php
C:\xampp\htdocs\hbwebsite\demoreport\src\Saml2.php
C:\xampp\htdocs\hbwebsite\demoreport\src\SessionHandler.php
C:\xampp\htdocs\hbwebsite\demoreport\src\SetPasswordExpiredAction.php
C:\xampp\htdocs\hbwebsite\demoreport\src\Sms.php
C:\xampp\htdocs\hbwebsite\demoreport\src\SmsTwoFactorAuthentication.php
C:\xampp\htdocs\hbwebsite\demoreport\src\SsoStateSessionStore.php
C:\xampp\htdocs\hbwebsite\demoreport\src\SubPage.php
C:\xampp\htdocs\hbwebsite\demoreport\src\SubPages.php
C:\xampp\htdocs\hbwebsite\demoreport\src\SummaryField.php
C:\xampp\htdocs\hbwebsite\demoreport\src\Timer.php
C:\xampp\htdocs\hbwebsite\demoreport\src\TwoFactorAuthenticationInterface.php
C:\xampp\htdocs\hbwebsite\demoreport\src\UploadHandler.php
C:\xampp\htdocs\hbwebsite\demoreport\src\UserProfile.php
C:\xampp\htdocs\hbwebsite\demoreport\src\XmlDocument.php
C:\xampp\htdocs\hbwebsite\demoreport\src\apiroutes.php
C:\xampp\htdocs\hbwebsite\demoreport\src\config.development.php
C:\xampp\htdocs\hbwebsite\demoreport\src\config.php
C:\xampp\htdocs\hbwebsite\demoreport\src\config.production.php
C:\xampp\htdocs\hbwebsite\demoreport\src\constants.php
C:\xampp\htdocs\hbwebsite\demoreport\src\definitions.php
C:\xampp\htdocs\hbwebsite\demoreport\src\phpfn.php
C:\xampp\htdocs\hbwebsite\demoreport\src\routes.php
C:\xampp\htdocs\hbwebsite\demoreport\src\userfn.php
C:\xampp\htdocs\hbwebsite\demoreport\src\userlevelsettings.php
C:\xampp\htdocs\hbwebsite\demoreport\views\BookingOrderList.php
C:\xampp\htdocs\hbwebsite\demoreport\views\Error.php
C:\xampp\htdocs\hbwebsite\demoreport\views\RoomsList.php
C:\xampp\htdocs\hbwebsite\demoreport\views\View1List.php
C:\xampp\htdocs\hbwebsite\demoreport\views\email.php
C:\xampp\htdocs\hbwebsite\demoreport\views\layout.php
C:\xampp\htdocs\hbwebsite\demoreport\views\menu.php
C:\xampp\htdocs\hbwebsite\demoreport\views\swagger.php
C:\xampp\htdocs\hbwebsite\demoreport\web.config